[DEBUG] 2025-06-05 11:00:41 - === LOGIN STARTED ===
[DEBUG] 2025-06-05 11:00:41 - User found: ID 5, Role: user, Active: 1
[DEBUG] 2025-06-05 11:12:16 - === LOGIN STARTED ===
[DEBUG] 2025-06-05 11:12:16 - User found: ID 1, Role: admin, Active: 1
[DEBUG] 2025-06-05 11:13:29 - === LOGIN STARTED ===
[DEBUG] 2025-06-05 11:13:29 - User found: ID 5, Role: user, Active: 1
[DEBUG] 2025-06-05 11:13:29 - Invalid password
[DEBUG] 2025-06-05 11:13:29 - Login failed
[DEBUG] 2025-06-05 11:13:52 - === LOGIN STARTED ===
[DEBUG] 2025-06-05 11:13:52 - User found: ID 5, Role: user, Active: 1
[DEBUG] 2025-06-05 11:13:52 - Invalid password
[DEBUG] 2025-06-05 11:13:52 - Login failed
[DEBUG] 2025-06-05 11:14:13 - === LOGIN STARTED ===
[DEBUG] 2025-06-05 11:14:13 - User found: ID 5, Role: user, Active: 1
[DEBUG] 2025-06-05 11:14:14 - Invalid password
[DEBUG] 2025-06-05 11:14:14 - Login failed
[DEBUG] 2025-06-09 05:50:58 - === LOGIN STARTED ===
[DEBUG] 2025-06-09 05:50:58 - User found: ID 1, Role: admin, Active: 1
[DEBUG] 2025-06-09 05:50:58 - Invalid password
[DEBUG] 2025-06-09 05:50:58 - Login failed
[DEBUG] 2025-06-09 05:51:08 - === LOGIN STARTED ===
[DEBUG] 2025-06-09 05:51:08 - User found: ID 1, Role: admin, Active: 1
[DEBUG] 2025-06-09 05:54:08 - === LOGIN STARTED ===
[DEBUG] 2025-06-09 05:54:08 - User found: ID 1, Role: admin, Active: 1
[DEBUG] 2025-06-09 09:11:33 - === LOGIN STARTED ===
[DEBUG] 2025-06-09 09:11:33 - User found: ID 1, Role: admin, Active: 1
[DEBUG] 2025-06-09 11:18:14 - === LOGIN STARTED ===
[DEBUG] 2025-06-09 11:18:14 - User found: ID 1, Role: admin, Active: 1
[DEBUG] 2025-06-09 11:20:16 - === LOGIN STARTED ===
[DEBUG] 2025-06-09 11:20:16 - User found: ID 1, Role: admin, Active: 1
[DEBUG] 2025-06-09 11:20:38 - === LOGIN STARTED ===
[DEBUG] 2025-06-09 11:20:38 - User found: ID 1, Role: admin, Active: 1
[DEBUG] 2025-06-09 11:21:06 - === LOGIN STARTED ===
[DEBUG] 2025-06-09 11:21:06 - User found: ID 1, Role: admin, Active: 1
[DEBUG] 2025-06-09 11:22:35 - === LOGIN STARTED ===
[DEBUG] 2025-06-09 11:22:35 - User found: ID 1, Role: admin, Active: 1
[DEBUG] 2025-06-09 11:22:45 - === LOGIN STARTED ===
[DEBUG] 2025-06-09 11:22:45 - User found: ID 1, Role: admin, Active: 1
[DEBUG] 2025-06-09 11:24:36 - === LOGIN STARTED ===
[DEBUG] 2025-06-09 11:24:36 - User found: ID 1, Role: admin, Active: 1
[DEBUG] 2025-06-09 11:52:11 - === LOGIN STARTED ===
[DEBUG] 2025-06-09 11:52:11 - User found: ID 1, Role: admin, Active: 1
[DEBUG] 2025-06-09 11:52:34 - === LOGIN STARTED ===
[DEBUG] 2025-06-09 11:52:34 - User found: ID 1, Role: admin, Active: 1
[DEBUG] 2025-06-09 14:13:34 - === LOGIN STARTED ===
[DEBUG] 2025-06-09 14:13:34 - User found: ID 1, Role: admin, Active: 1
[DEBUG] 2025-06-09 14:29:55 - === LOGIN STARTED ===
[DEBUG] 2025-06-09 14:29:55 - User found: ID 1, Role: admin, Active: 1
[DEBUG] 2025-06-10 05:20:41 - === LOGIN STARTED ===
[DEBUG] 2025-06-10 05:20:41 - User found: ID 1, Role: admin, Active: 1
[DEBUG] 2025-06-10 05:25:22 - === LOGIN STARTED ===
[DEBUG] 2025-06-10 05:25:22 - User found: ID 4, Role: manager, Active: 1
[DEBUG] 2025-06-10 05:25:22 - Invalid password
[DEBUG] 2025-06-10 05:25:22 - Login failed
[DEBUG] 2025-06-10 05:26:01 - === LOGIN STARTED ===
[DEBUG] 2025-06-10 05:26:01 - User found: ID 4, Role: manager, Active: 1
[DEBUG] 2025-06-10 05:26:01 - Invalid password
[DEBUG] 2025-06-10 05:26:01 - Login failed
[DEBUG] 2025-06-10 05:26:54 - === LOGIN STARTED ===
[DEBUG] 2025-06-10 05:26:54 - User found: ID 1, Role: admin, Active: 1
[DEBUG] 2025-06-10 05:28:44 - === LOGIN STARTED ===
[DEBUG] 2025-06-10 05:28:44 - User found: ID 13, Role: manager, Active: 1
[DEBUG] 2025-06-10 05:42:12 - === LOGIN STARTED ===
[DEBUG] 2025-06-10 05:42:12 - User found: ID 13, Role: manager, Active: 1
[DEBUG] 2025-06-10 06:13:12 - === LOGIN STARTED ===
[DEBUG] 2025-06-10 06:13:12 - User found: ID 1, Role: admin, Active: 1
[DEBUG] 2025-06-10 06:15:12 - === LOGIN STARTED ===
[DEBUG] 2025-06-10 06:15:12 - User found: ID 13, Role: manager, Active: 1
[DEBUG] 2025-06-10 06:33:18 - === LOGIN STARTED ===
[DEBUG] 2025-06-10 06:33:18 - User found: ID 1, Role: admin, Active: 1
[DEBUG] 2025-06-10 07:41:48 - === LOGIN STARTED ===
[DEBUG] 2025-06-10 07:41:48 - User found: ID 1, Role: admin, Active: 1
[DEBUG] 2025-06-10 08:02:56 - === LOGIN STARTED ===
[DEBUG] 2025-06-10 08:02:56 - User found: ID 1, Role: admin, Active: 1
[DEBUG] 2025-06-11 08:07:26 - === LOGIN STARTED ===
[DEBUG] 2025-06-11 08:07:26 - User found: ID 1, Role: admin, Active: 1
[DEBUG] 2025-06-11 09:38:29 - === LOGIN STARTED ===
[DEBUG] 2025-06-11 09:38:29 - User found: ID 1, Role: admin, Active: 1
[DEBUG] 2025-06-11 09:39:41 - === LOGIN STARTED ===
[DEBUG] 2025-06-11 09:39:41 - User found: ID 4, Role: manager, Active: 1
[DEBUG] 2025-06-11 09:39:41 - Invalid password
[DEBUG] 2025-06-11 09:39:41 - Login failed
[DEBUG] 2025-06-11 09:40:07 - === LOGIN STARTED ===
[DEBUG] 2025-06-11 09:40:07 - User found: ID 4, Role: manager, Active: 1
[DEBUG] 2025-06-11 09:40:07 - Invalid password
[DEBUG] 2025-06-11 09:40:07 - Login failed
[DEBUG] 2025-06-11 09:40:13 - === LOGIN STARTED ===
[DEBUG] 2025-06-11 09:40:13 - User found: ID 4, Role: manager, Active: 1
[DEBUG] 2025-06-11 09:40:13 - Invalid password
[DEBUG] 2025-06-11 09:40:13 - Login failed
[DEBUG] 2025-06-11 09:40:21 - === LOGIN STARTED ===
[DEBUG] 2025-06-11 09:40:21 - User found: ID 4, Role: manager, Active: 1
[DEBUG] 2025-06-11 11:08:12 - === LOGIN STARTED ===
[DEBUG] 2025-06-11 11:08:12 - User found: ID 4, Role: manager, Active: 1
[DEBUG] 2025-06-11 11:08:12 - Invalid password
[DEBUG] 2025-06-11 11:08:12 - Login failed
[DEBUG] 2025-06-11 11:08:21 - === LOGIN STARTED ===
[DEBUG] 2025-06-11 11:08:21 - User found: ID 4, Role: manager, Active: 1
[DEBUG] 2025-06-11 12:26:45 - === LOGIN STARTED ===
[DEBUG] 2025-06-11 12:26:45 - User found: ID 4, Role: manager, Active: 1
[DEBUG] 2025-06-11 12:27:11 - === LOGIN STARTED ===
[DEBUG] 2025-06-11 12:27:11 - User found: ID 1, Role: admin, Active: 1
[DEBUG] 2025-06-11 12:27:11 - Invalid password
[DEBUG] 2025-06-11 12:27:11 - Login failed
[DEBUG] 2025-06-11 12:27:20 - === LOGIN STARTED ===
[DEBUG] 2025-06-11 12:27:20 - User found: ID 1, Role: admin, Active: 1
[DEBUG] 2025-06-12 06:05:05 - === LOGIN STARTED ===
[DEBUG] 2025-06-12 06:05:05 - User found: ID 4, Role: manager, Active: 1
[DEBUG] 2025-06-12 08:52:47 - === LOGIN STARTED ===
[DEBUG] 2025-06-12 08:52:47 - User found: ID 4, Role: manager, Active: 1
[DEBUG] 2025-06-12 09:00:22 - === LOGIN STARTED ===
[DEBUG] 2025-06-12 09:00:22 - User found: ID 1, Role: admin, Active: 1
[DEBUG] 2025-06-16 14:36:57 - === LOGIN STARTED ===
[DEBUG] 2025-06-16 14:36:57 - User found: ID 1, Role: admin, Active: 1
[DEBUG] 2025-06-16 14:45:00 - === LOGIN STARTED ===
[DEBUG] 2025-06-16 14:45:00 - User found: ID 1, Role: admin, Active: 1
[DEBUG] 2025-06-16 14:55:34 - === LOGIN STARTED ===
[DEBUG] 2025-06-16 14:55:34 - User found: ID 4, Role: manager, Active: 1
[DEBUG] 2025-06-16 14:55:34 - Invalid password
[DEBUG] 2025-06-16 14:55:34 - Login failed
[DEBUG] 2025-06-16 14:55:41 - === LOGIN STARTED ===
[DEBUG] 2025-06-16 14:55:41 - User found: ID 4, Role: manager, Active: 1
[DEBUG] 2025-06-16 15:34:36 - === LOGIN STARTED ===
[DEBUG] 2025-06-16 15:34:36 - User found: ID 4, Role: manager, Active: 1
[DEBUG] 2025-06-16 16:34:17 - === LOGIN STARTED ===
[DEBUG] 2025-06-16 16:34:17 - User found: ID 1, Role: admin, Active: 1
[DEBUG] 2025-06-16 17:22:56 - === LOGIN STARTED ===
[DEBUG] 2025-06-16 17:22:56 - User found: ID 4, Role: manager, Active: 1
[DEBUG] 2025-06-16 17:22:57 - Invalid password
[DEBUG] 2025-06-16 17:22:57 - Login failed
[DEBUG] 2025-06-16 17:23:03 - === LOGIN STARTED ===
[DEBUG] 2025-06-16 17:23:03 - User found: ID 4, Role: manager, Active: 1
[DEBUG] 2025-06-16 17:23:03 - Invalid password
[DEBUG] 2025-06-16 17:23:03 - Login failed
[DEBUG] 2025-06-16 17:23:09 - === LOGIN STARTED ===
[DEBUG] 2025-06-16 17:23:09 - User found: ID 4, Role: manager, Active: 1
[DEBUG] 2025-06-16 17:32:26 - === LOGIN STARTED ===
[DEBUG] 2025-06-16 17:32:26 - User found: ID 5, Role: user, Active: 1
[DEBUG] 2025-06-17 17:50:54 - === LOGIN STARTED ===
[DEBUG] 2025-06-17 17:50:54 - User found: ID 5, Role: user, Active: 1
[DEBUG] 2025-06-17 18:30:22 - === LOGIN STARTED ===
[DEBUG] 2025-06-17 18:30:22 - User found: ID 5, Role: user, Active: 1
[DEBUG] 2025-06-18 06:10:51 - === LOGIN STARTED ===
[DEBUG] 2025-06-18 06:10:51 - User found: ID 4, Role: manager, Active: 1
[DEBUG] 2025-06-18 06:10:51 - Invalid password
[DEBUG] 2025-06-18 06:10:51 - Login failed
[DEBUG] 2025-06-18 06:10:58 - === LOGIN STARTED ===
[DEBUG] 2025-06-18 06:10:58 - User found: ID 4, Role: manager, Active: 1
[DEBUG] 2025-06-18 07:39:33 - === LOGIN STARTED ===
[DEBUG] 2025-06-18 07:39:33 - User found: ID 1, Role: admin, Active: 1
[DEBUG] 2025-06-18 07:40:12 - === LOGIN STARTED ===
[DEBUG] 2025-06-18 07:40:12 - User found: ID 4, Role: manager, Active: 1
[DEBUG] 2025-06-18 08:12:19 - === LOGIN STARTED ===
[DEBUG] 2025-06-18 08:12:19 - User found: ID 4, Role: manager, Active: 1
[DEBUG] 2025-06-18 08:39:48 - === LOGIN STARTED ===
[DEBUG] 2025-06-18 08:39:48 - User found: ID 4, Role: manager, Active: 1
[DEBUG] 2025-06-18 12:04:39 - === LOGIN STARTED ===
[DEBUG] 2025-06-18 12:04:39 - User found: ID 4, Role: manager, Active: 1
[DEBUG] 2025-06-18 12:05:40 - === LOGIN STARTED ===
[DEBUG] 2025-06-18 12:05:40 - User found: ID 5, Role: user, Active: 1
[DEBUG] 2025-06-18 12:05:52 - === LOGIN STARTED ===
[DEBUG] 2025-06-18 12:05:52 - User found: ID 4, Role: manager, Active: 1
[DEBUG] 2025-06-18 12:23:18 - === LOGIN STARTED ===
[DEBUG] 2025-06-18 12:23:18 - User found: ID 5, Role: user, Active: 1
[DEBUG] 2025-06-18 14:23:16 - === LOGIN STARTED ===
[DEBUG] 2025-06-18 14:23:16 - User found: ID 4, Role: manager, Active: 1
[DEBUG] 2025-06-18 15:55:34 - === LOGIN STARTED ===
[DEBUG] 2025-06-18 15:55:34 - User found: ID 1, Role: admin, Active: 1
[DEBUG] 2025-06-18 15:59:35 - === LOGIN STARTED ===
[DEBUG] 2025-06-18 15:59:35 - User found: ID 5, Role: user, Active: 1
[DEBUG] 2025-06-18 16:06:59 - === LOGIN STARTED ===
[DEBUG] 2025-06-18 16:06:59 - User found: ID 1, Role: admin, Active: 1
[DEBUG] 2025-06-18 16:06:59 - Invalid password
[DEBUG] 2025-06-18 16:06:59 - Login failed
[DEBUG] 2025-06-18 16:07:06 - === LOGIN STARTED ===
[DEBUG] 2025-06-18 16:07:06 - User found: ID 1, Role: admin, Active: 1
[DEBUG] 2025-06-19 05:59:32 - === LOGIN STARTED ===
[DEBUG] 2025-06-19 05:59:32 - User found: ID 4, Role: manager, Active: 1
[DEBUG] 2025-06-19 06:13:21 - === LOGIN STARTED ===
[DEBUG] 2025-06-19 06:13:21 - User found: ID 4, Role: manager, Active: 1
[DEBUG] 2025-06-19 06:22:38 - === LOGIN STARTED ===
[DEBUG] 2025-06-19 06:22:38 - User found: ID 5, Role: user, Active: 1
[DEBUG] 2025-06-19 06:39:49 - === LOGIN STARTED ===
[DEBUG] 2025-06-19 06:39:49 - User found: ID 1, Role: admin, Active: 1
[DEBUG] 2025-06-19 08:40:20 - === LOGIN STARTED ===
[DEBUG] 2025-06-19 08:40:20 - User found: ID 4, Role: manager, Active: 1
[DEBUG] 2025-06-19 12:31:59 - === LOGIN STARTED ===
[DEBUG] 2025-06-19 12:31:59 - User found: ID 5, Role: user, Active: 1
[DEBUG] 2025-06-19 12:32:32 - === LOGIN STARTED ===
[DEBUG] 2025-06-19 12:32:32 - User found: ID 4, Role: manager, Active: 1
[DEBUG] 2025-06-23 03:33:12 - === LOGIN STARTED ===
[DEBUG] 2025-06-23 03:33:12 - Invalid request method
[DEBUG] 2025-06-23 07:14:53 - === LOGIN STARTED ===
[DEBUG] 2025-06-23 07:14:53 - User found: ID 1, Role: admin, Active: 1
[DEBUG] 2025-06-23 07:15:38 - === LOGIN STARTED ===
[DEBUG] 2025-06-23 07:15:38 - User found: ID 5, Role: user, Active: 1
[DEBUG] 2025-06-23 07:16:19 - === LOGIN STARTED ===
[DEBUG] 2025-06-23 07:16:19 - User found: ID 4, Role: manager, Active: 1
[DEBUG] 2025-06-23 07:19:01 - === LOGIN STARTED ===
[DEBUG] 2025-06-23 07:19:01 - User found: ID 5, Role: user, Active: 1
[DEBUG] 2025-06-23 07:19:21 - === LOGIN STARTED ===
[DEBUG] 2025-06-23 07:19:21 - User found: ID 4, Role: manager, Active: 1
[DEBUG] 2025-06-23 07:25:34 - === LOGIN STARTED ===
[DEBUG] 2025-06-23 07:25:34 - User found: ID 5, Role: user, Active: 1
[DEBUG] 2025-06-23 07:52:31 - === LOGIN STARTED ===
[DEBUG] 2025-06-23 07:52:31 - User found: ID 1, Role: admin, Active: 1
[DEBUG] 2025-06-23 08:55:18 - === LOGIN STARTED ===
[DEBUG] 2025-06-23 08:55:18 - User not found for email: admin@admin.com
[DEBUG] 2025-06-23 08:55:18 - Login failed
[DEBUG] 2025-06-23 08:55:30 - === LOGIN STARTED ===
[DEBUG] 2025-06-23 08:55:30 - User found: ID 1, Role: admin, Active: 1
[DEBUG] 2025-06-24 11:16:18 - === LOGIN STARTED ===
[DEBUG] 2025-06-24 11:16:18 - User found: ID 1, Role: admin, Active: 1
[DEBUG] 2025-06-25 06:40:48 - === LOGIN STARTED ===
[DEBUG] 2025-06-25 06:40:48 - User found: ID 1, Role: admin, Active: 1
[DEBUG] 2025-06-25 08:15:43 - === LOGIN STARTED ===
[DEBUG] 2025-06-25 08:15:43 - User found: ID 1, Role: admin, Active: 1
[DEBUG] 2025-06-25 08:39:54 - === LOGIN STARTED ===
[DEBUG] 2025-06-25 08:39:54 - User found: ID 5, Role: user, Active: 1
[DEBUG] 2025-06-25 11:41:48 - === LOGIN STARTED ===
[DEBUG] 2025-06-25 11:41:48 - User found: ID 5, Role: user, Active: 1
[DEBUG] 2025-06-25 11:42:17 - === LOGIN STARTED ===
[DEBUG] 2025-06-25 11:42:17 - User found: ID 10, Role: admin, Active: 1
[DEBUG] 2025-06-25 11:42:45 - === LOGIN STARTED ===
[DEBUG] 2025-06-25 11:42:45 - User found: ID 4, Role: manager, Active: 1
[DEBUG] 2025-06-25 11:56:48 - === LOGIN STARTED ===
[DEBUG] 2025-06-25 11:56:48 - User found: ID 4, Role: manager, Active: 1
[DEBUG] 2025-06-25 12:40:05 - === LOGIN STARTED ===
[DEBUG] 2025-06-25 12:40:05 - User found: ID 5, Role: user, Active: 1
[DEBUG] 2025-06-25 12:40:22 - === LOGIN STARTED ===
[DEBUG] 2025-06-25 12:40:22 - User found: ID 10, Role: admin, Active: 1
[DEBUG] 2025-06-25 12:57:44 - === LOGIN STARTED ===
[DEBUG] 2025-06-25 12:57:44 - User found: ID 5, Role: user, Active: 1
[DEBUG] 2025-06-25 13:28:33 - === LOGIN STARTED ===
[DEBUG] 2025-06-25 13:28:33 - User found: ID 4, Role: manager, Active: 1
[DEBUG] 2025-06-25 13:28:49 - === LOGIN STARTED ===
[DEBUG] 2025-06-25 13:28:49 - User found: ID 10, Role: admin, Active: 1
[DEBUG] 2025-06-26 07:51:33 - === LOGIN STARTED ===
[DEBUG] 2025-06-26 07:51:33 - User found: ID 5, Role: user, Active: 1
[DEBUG] 2025-06-26 08:48:01 - === LOGIN STARTED ===
[DEBUG] 2025-06-26 08:48:01 - User found: ID 5, Role: user, Active: 1
[DEBUG] 2025-06-26 10:39:44 - === LOGIN STARTED ===
[DEBUG] 2025-06-26 10:39:44 - User found: ID 5, Role: user, Active: 1
[DEBUG] 2025-06-26 10:59:12 - === LOGIN STARTED ===
[DEBUG] 2025-06-26 10:59:12 - User found: ID 5, Role: user, Active: 1
[DEBUG] 2025-06-26 11:12:43 - === LOGIN STARTED ===
[DEBUG] 2025-06-26 11:12:43 - User found: ID 4, Role: manager, Active: 1
[DEBUG] 2025-06-26 11:13:34 - === LOGIN STARTED ===
[DEBUG] 2025-06-26 11:13:34 - User found: ID 1, Role: admin, Active: 1
[DEBUG] 2025-06-26 11:28:33 - === LOGIN STARTED ===
[DEBUG] 2025-06-26 11:28:33 - User found: ID 5, Role: user, Active: 1
[DEBUG] 2025-06-26 17:47:50 - === LOGIN STARTED ===
[DEBUG] 2025-06-26 17:47:50 - User found: ID 5, Role: user, Active: 1
[DEBUG] 2025-06-26 18:28:16 - === LOGIN STARTED ===
[DEBUG] 2025-06-26 18:28:16 - User found: ID 4, Role: manager, Active: 1
[DEBUG] 2025-06-26 18:28:33 - === LOGIN STARTED ===
[DEBUG] 2025-06-26 18:28:33 - User found: ID 10, Role: admin, Active: 1
[DEBUG] 2025-06-26 18:28:49 - === LOGIN STARTED ===
[DEBUG] 2025-06-26 18:28:49 - User found: ID 5, Role: user, Active: 1
[DEBUG] 2025-06-27 05:45:21 - === LOGIN STARTED ===
[DEBUG] 2025-06-27 05:45:21 - User found: ID 5, Role: user, Active: 1
[DEBUG] 2025-06-27 06:50:37 - === LOGIN STARTED ===
[DEBUG] 2025-06-27 06:50:37 - User found: ID 4, Role: manager, Active: 1
[DEBUG] 2025-06-27 06:51:05 - === LOGIN STARTED ===
[DEBUG] 2025-06-27 06:51:05 - User found: ID 10, Role: admin, Active: 1
[DEBUG] 2025-06-27 07:03:30 - === LOGIN STARTED ===
[DEBUG] 2025-06-27 07:03:30 - User found: ID 4, Role: manager, Active: 1
[DEBUG] 2025-06-27 15:22:45 - === LOGIN STARTED ===
[DEBUG] 2025-06-27 15:22:45 - User found: ID 5, Role: user, Active: 1
[DEBUG] 2025-06-27 15:38:42 - === LOGIN STARTED ===
[DEBUG] 2025-06-27 15:38:42 - User found: ID 10, Role: admin, Active: 1
[DEBUG] 2025-06-27 16:05:35 - === LOGIN STARTED ===
[DEBUG] 2025-06-27 16:05:35 - User found: ID 4, Role: manager, Active: 1
[DEBUG] 2025-06-27 16:07:55 - === LOGIN STARTED ===
[DEBUG] 2025-06-27 16:07:55 - User found: ID 4, Role: manager, Active: 1
[DEBUG] 2025-06-27 18:36:17 - === LOGIN STARTED ===
[DEBUG] 2025-06-27 18:36:17 - User found: ID 5, Role: user, Active: 1
[DEBUG] 2025-06-27 18:37:18 - === LOGIN STARTED ===
[DEBUG] 2025-06-27 18:37:18 - User found: ID 10, Role: admin, Active: 1
[DEBUG] 2025-06-27 18:55:21 - === LOGIN STARTED ===
[DEBUG] 2025-06-27 18:55:21 - User found: ID 4, Role: manager, Active: 1
[DEBUG] 2025-06-27 18:57:06 - === LOGIN STARTED ===
[DEBUG] 2025-06-27 18:57:06 - User found: ID 10, Role: admin, Active: 1
[DEBUG] 2025-06-27 19:19:04 - === LOGIN STARTED ===
[DEBUG] 2025-06-27 19:19:04 - User found: ID 4, Role: manager, Active: 1
[DEBUG] 2025-06-27 19:22:51 - === LOGIN STARTED ===
[DEBUG] 2025-06-27 19:22:51 - User found: ID 10, Role: admin, Active: 1
[DEBUG] 2025-06-29 09:43:26 - === LOGIN STARTED ===
[DEBUG] 2025-06-29 09:43:26 - User found: ID 1, Role: admin, Active: 1
[DEBUG] 2025-06-29 09:45:16 - === LOGIN STARTED ===
[DEBUG] 2025-06-29 09:45:16 - User found: ID 10, Role: admin, Active: 1
[DEBUG] 2025-06-29 09:51:50 - === LOGIN STARTED ===
[DEBUG] 2025-06-29 09:51:50 - User found: ID 5, Role: user, Active: 1
[DEBUG] 2025-06-29 09:52:19 - === LOGIN STARTED ===
[DEBUG] 2025-06-29 09:52:19 - User found: ID 4, Role: manager, Active: 1
[DEBUG] 2025-06-29 09:52:48 - === LOGIN STARTED ===
[DEBUG] 2025-06-29 09:52:48 - User found: ID 10, Role: admin, Active: 1
[DEBUG] 2025-06-29 10:11:24 - === LOGIN STARTED ===
[DEBUG] 2025-06-29 10:11:24 - User found: ID 10, Role: admin, Active: 1
[DEBUG] 2025-06-29 10:24:38 - === LOGIN STARTED ===
[DEBUG] 2025-06-29 10:24:38 - User found: ID 4, Role: manager, Active: 1
[DEBUG] 2025-06-29 10:24:50 - === LOGIN STARTED ===
[DEBUG] 2025-06-29 10:24:50 - User found: ID 10, Role: admin, Active: 1
[DEBUG] 2025-06-29 10:39:51 - === LOGIN STARTED ===
[DEBUG] 2025-06-29 10:39:51 - User found: ID 10, Role: admin, Active: 1
[DEBUG] 2025-06-29 13:49:44 - === LOGIN STARTED ===
[DEBUG] 2025-06-29 13:49:44 - User found: ID 10, Role: admin, Active: 1
[DEBUG] 2025-06-29 13:52:44 - === LOGIN STARTED ===
[DEBUG] 2025-06-29 13:52:44 - User found: ID 5, Role: user, Active: 1
[DEBUG] 2025-06-29 13:53:33 - === LOGIN STARTED ===
[DEBUG] 2025-06-29 13:53:33 - User found: ID 4, Role: manager, Active: 1
[DEBUG] 2025-06-29 13:53:53 - === LOGIN STARTED ===
[DEBUG] 2025-06-29 13:53:53 - User found: ID 10, Role: admin, Active: 1
[DEBUG] 2025-06-29 14:42:54 - === LOGIN STARTED ===
[DEBUG] 2025-06-29 14:42:54 - User not found for email: rachana@integritymatters.in
[DEBUG] 2025-06-29 14:42:54 - Login failed
[DEBUG] 2025-06-29 14:46:38 - === LOGIN STARTED ===
[DEBUG] 2025-06-29 14:46:38 - User found: ID 1, Role: admin, Active: 1
[DEBUG] 2025-06-29 14:49:11 - === LOGIN STARTED ===
[DEBUG] 2025-06-29 14:49:11 - User found: ID 14, Role: admin, Active: 1
[DEBUG] 2025-06-29 16:13:50 - === LOGIN STARTED ===
[DEBUG] 2025-06-29 16:13:50 - User found: ID 14, Role: admin, Active: 1
[DEBUG] 2025-06-29 16:14:41 - === LOGIN STARTED ===
[DEBUG] 2025-06-29 16:14:41 - User found: ID 5, Role: user, Active: 1
[DEBUG] 2025-06-29 16:16:12 - === LOGIN STARTED ===
[DEBUG] 2025-06-29 16:16:12 - User found: ID 4, Role: manager, Active: 1
[DEBUG] 2025-06-29 16:18:31 - === LOGIN STARTED ===
[DEBUG] 2025-06-29 16:18:31 - User found: ID 14, Role: admin, Active: 1
[DEBUG] 2025-06-29 16:21:03 - === LOGIN STARTED ===
[DEBUG] 2025-06-29 16:21:03 - User found: ID 14, Role: admin, Active: 1
[DEBUG] 2025-06-29 16:26:07 - === LOGIN STARTED ===
[DEBUG] 2025-06-29 16:26:07 - User found: ID 4, Role: manager, Active: 1
[DEBUG] 2025-06-29 16:36:45 - === LOGIN STARTED ===
[DEBUG] 2025-06-29 16:36:45 - User found: ID 4, Role: manager, Active: 1
[DEBUG] 2025-06-29 16:43:18 - === LOGIN STARTED ===
[DEBUG] 2025-06-29 16:43:18 - User found: ID 4, Role: manager, Active: 1
[DEBUG] 2025-06-29 17:01:19 - === LOGIN STARTED ===
[DEBUG] 2025-06-29 17:01:19 - User found: ID 5, Role: user, Active: 1
[DEBUG] 2025-06-29 17:15:30 - === LOGIN STARTED ===
[DEBUG] 2025-06-29 17:15:30 - User found: ID 5, Role: user, Active: 1
[DEBUG] 2025-06-29 17:15:59 - === LOGIN STARTED ===
[DEBUG] 2025-06-29 17:15:59 - User found: ID 4, Role: manager, Active: 1
[DEBUG] 2025-06-29 18:40:59 - === LOGIN STARTED ===
[DEBUG] 2025-06-29 18:40:59 - User found: ID 4, Role: manager, Active: 1
[DEBUG] 2025-06-29 18:41:12 - === LOGIN STARTED ===
[DEBUG] 2025-06-29 18:41:12 - User found: ID 4, Role: manager, Active: 1
[DEBUG] 2025-06-29 18:43:55 - === LOGIN STARTED ===
[DEBUG] 2025-06-29 18:43:55 - User found: ID 4, Role: manager, Active: 1
[DEBUG] 2025-06-29 18:45:02 - === LOGIN STARTED ===
[DEBUG] 2025-06-29 18:45:02 - User found: ID 4, Role: manager, Active: 1
[DEBUG] 2025-06-29 18:45:11 - === LOGIN STARTED ===
[DEBUG] 2025-06-29 18:45:11 - User found: ID 4, Role: manager, Active: 1
[DEBUG] 2025-06-29 18:45:33 - === LOGIN STARTED ===
[DEBUG] 2025-06-29 18:45:33 - User found: ID 4, Role: manager, Active: 1
[DEBUG] 2025-06-30 05:20:10 - === LOGIN STARTED ===
[DEBUG] 2025-06-30 05:20:10 - User found: ID 5, Role: user, Active: 1
[DEBUG] 2025-06-30 18:58:36 - === LOGIN STARTED ===
[DEBUG] 2025-06-30 18:58:36 - User found: ID 1, Role: admin, Active: 1
[DEBUG] 2025-06-30 19:03:50 - === LOGIN STARTED ===
[DEBUG] 2025-06-30 19:03:50 - User found: ID 17, Role: user, Active: 1
[DEBUG] 2025-06-30 19:04:20 - === LOGIN STARTED ===
[DEBUG] 2025-06-30 19:04:20 - User found: ID 16, Role: manager, Active: 1
[DEBUG] 2025-06-30 19:04:53 - === LOGIN STARTED ===
[DEBUG] 2025-06-30 19:04:53 - User found: ID 14, Role: admin, Active: 1
[DEBUG] 2025-06-30 19:05:44 - === LOGIN STARTED ===
[DEBUG] 2025-06-30 19:05:44 - User found: ID 17, Role: user, Active: 1
[DEBUG] 2025-06-30 19:05:56 - === LOGIN STARTED ===
[DEBUG] 2025-06-30 19:05:56 - User found: ID 16, Role: manager, Active: 1
[DEBUG] 2025-06-30 19:06:47 - === LOGIN STARTED ===
[DEBUG] 2025-06-30 19:06:47 - User found: ID 15, Role: admin, Active: 1
[DEBUG] 2025-06-30 19:07:55 - === LOGIN STARTED ===
[DEBUG] 2025-06-30 19:07:55 - User found: ID 16, Role: manager, Active: 1
[DEBUG] 2025-07-01 07:51:01 - === LOGIN STARTED ===
[DEBUG] 2025-07-01 07:51:01 - User found: ID 17, Role: user, Active: 1
[DEBUG] 2025-07-01 07:51:01 - Invalid password
[DEBUG] 2025-07-01 07:51:01 - Login failed
[DEBUG] 2025-07-01 07:51:06 - === LOGIN STARTED ===
[DEBUG] 2025-07-01 07:51:06 - User found: ID 17, Role: user, Active: 1
[DEBUG] 2025-07-01 07:51:28 - === LOGIN STARTED ===
[DEBUG] 2025-07-01 07:51:28 - User found: ID 16, Role: manager, Active: 1
[DEBUG] 2025-07-01 07:51:46 - === LOGIN STARTED ===
[DEBUG] 2025-07-01 07:51:46 - User found: ID 14, Role: admin, Active: 1
[DEBUG] 2025-07-01 07:51:57 - === LOGIN STARTED ===
[DEBUG] 2025-07-01 07:51:57 - User found: ID 17, Role: user, Active: 1
[DEBUG] 2025-07-01 07:56:00 - === LOGIN STARTED ===
[DEBUG] 2025-07-01 07:56:00 - User found: ID 14, Role: admin, Active: 1
[DEBUG] 2025-07-01 08:16:10 - === LOGIN STARTED ===
[DEBUG] 2025-07-01 08:16:10 - User found: ID 15, Role: admin, Active: 1
[DEBUG] 2025-07-01 08:17:15 - === LOGIN STARTED ===
[DEBUG] 2025-07-01 08:17:15 - User found: ID 14, Role: admin, Active: 1
[DEBUG] 2025-07-01 08:27:18 - === LOGIN STARTED ===
[DEBUG] 2025-07-01 08:27:18 - User found: ID 15, Role: admin, Active: 1
[DEBUG] 2025-07-01 09:01:31 - === LOGIN STARTED ===
[DEBUG] 2025-07-01 09:01:31 - User found: ID 14, Role: admin, Active: 1
[DEBUG] 2025-07-01 09:02:07 - === LOGIN STARTED ===
[DEBUG] 2025-07-01 09:02:07 - User found: ID 15, Role: admin, Active: 1
[DEBUG] 2025-07-01 09:14:02 - === LOGIN STARTED ===
[DEBUG] 2025-07-01 09:14:02 - User found: ID 17, Role: user, Active: 1
[DEBUG] 2025-07-01 09:42:15 - === LOGIN STARTED ===
[DEBUG] 2025-07-01 09:42:15 - User found: ID 17, Role: user, Active: 1
[DEBUG] 2025-07-01 09:42:50 - === LOGIN STARTED ===
[DEBUG] 2025-07-01 09:42:50 - User found: ID 16, Role: manager, Active: 1
[DEBUG] 2025-07-01 09:43:48 - === LOGIN STARTED ===
[DEBUG] 2025-07-01 09:43:48 - User found: ID 14, Role: admin, Active: 1
[DEBUG] 2025-07-01 09:44:45 - === LOGIN STARTED ===
[DEBUG] 2025-07-01 09:44:45 - User found: ID 17, Role: user, Active: 1
[DEBUG] 2025-07-01 09:45:15 - === LOGIN STARTED ===
[DEBUG] 2025-07-01 09:45:15 - User found: ID 17, Role: user, Active: 1
[DEBUG] 2025-07-01 09:45:43 - === LOGIN STARTED ===
[DEBUG] 2025-07-01 09:45:43 - User found: ID 16, Role: manager, Active: 1
[DEBUG] 2025-07-01 09:45:58 - === LOGIN STARTED ===
[DEBUG] 2025-07-01 09:45:58 - User found: ID 14, Role: admin, Active: 1
[DEBUG] 2025-07-01 09:46:26 - === LOGIN STARTED ===
[DEBUG] 2025-07-01 09:46:26 - User found: ID 17, Role: user, Active: 1
[DEBUG] 2025-07-01 09:46:40 - === LOGIN STARTED ===
[DEBUG] 2025-07-01 09:46:40 - User found: ID 16, Role: manager, Active: 1
[DEBUG] 2025-07-01 09:47:47 - === LOGIN STARTED ===
[DEBUG] 2025-07-01 09:47:47 - User found: ID 17, Role: user, Active: 1
[DEBUG] 2025-07-01 09:48:46 - === LOGIN STARTED ===
[DEBUG] 2025-07-01 09:48:46 - User found: ID 14, Role: admin, Active: 1
[DEBUG] 2025-07-02 08:14:35 - === LOGIN STARTED ===
[DEBUG] 2025-07-02 08:14:35 - User found: ID 14, Role: admin, Active: 1
[DEBUG] 2025-07-02 08:15:41 - === LOGIN STARTED ===
[DEBUG] 2025-07-02 08:15:41 - User found: ID 15, Role: admin, Active: 1
[DEBUG] 2025-07-02 08:15:58 - === LOGIN STARTED ===
[DEBUG] 2025-07-02 08:15:58 - User found: ID 14, Role: admin, Active: 1
[DEBUG] 2025-07-02 08:23:13 - === LOGIN STARTED ===
[DEBUG] 2025-07-02 08:23:13 - User found: ID 15, Role: admin, Active: 1
[DEBUG] 2025-07-02 08:23:27 - === LOGIN STARTED ===
[DEBUG] 2025-07-02 08:23:27 - User found: ID 14, Role: admin, Active: 1
[DEBUG] 2025-07-02 08:26:41 - === LOGIN STARTED ===
[DEBUG] 2025-07-02 08:26:41 - User found: ID 15, Role: admin, Active: 1
[DEBUG] 2025-07-02 08:26:52 - === LOGIN STARTED ===
[DEBUG] 2025-07-02 08:26:52 - User found: ID 14, Role: admin, Active: 1
[DEBUG] 2025-07-02 08:51:12 - === LOGIN STARTED ===
[DEBUG] 2025-07-02 08:51:12 - User found: ID 15, Role: admin, Active: 1
[DEBUG] 2025-07-02 09:02:35 - === LOGIN STARTED ===
[DEBUG] 2025-07-02 09:02:35 - User found: ID 14, Role: admin, Active: 1
[DEBUG] 2025-07-02 09:16:09 - === LOGIN STARTED ===
[DEBUG] 2025-07-02 09:16:09 - User found: ID 15, Role: admin, Active: 1
[DEBUG] 2025-07-02 09:20:16 - === LOGIN STARTED ===
[DEBUG] 2025-07-02 09:20:16 - User found: ID 14, Role: admin, Active: 1
[DEBUG] 2025-07-02 09:20:45 - === LOGIN STARTED ===
[DEBUG] 2025-07-02 09:20:45 - User found: ID 15, Role: admin, Active: 1
[DEBUG] 2025-07-02 09:22:39 - === LOGIN STARTED ===
[DEBUG] 2025-07-02 09:22:39 - User found: ID 14, Role: admin, Active: 1
[DEBUG] 2025-07-02 09:23:57 - === LOGIN STARTED ===
[DEBUG] 2025-07-02 09:23:57 - User found: ID 15, Role: admin, Active: 1
[DEBUG] 2025-07-02 09:30:08 - === LOGIN STARTED ===
[DEBUG] 2025-07-02 09:30:08 - User found: ID 14, Role: admin, Active: 1
[DEBUG] 2025-07-02 09:30:45 - === LOGIN STARTED ===
[DEBUG] 2025-07-02 09:30:45 - User found: ID 15, Role: admin, Active: 1
[DEBUG] 2025-07-02 09:40:13 - === LOGIN STARTED ===
[DEBUG] 2025-07-02 09:40:13 - User found: ID 17, Role: user, Active: 1
[DEBUG] 2025-07-02 09:40:35 - === LOGIN STARTED ===
[DEBUG] 2025-07-02 09:40:35 - User found: ID 16, Role: manager, Active: 1
[DEBUG] 2025-07-02 09:41:15 - === LOGIN STARTED ===
[DEBUG] 2025-07-02 09:41:15 - User found: ID 14, Role: admin, Active: 1
[DEBUG] 2025-07-02 09:42:23 - === LOGIN STARTED ===
[DEBUG] 2025-07-02 09:42:23 - User found: ID 17, Role: user, Active: 1
[DEBUG] 2025-07-02 09:45:39 - === LOGIN STARTED ===
[DEBUG] 2025-07-02 09:45:39 - User found: ID 17, Role: user, Active: 1
[DEBUG] 2025-07-02 09:47:36 - === LOGIN STARTED ===
[DEBUG] 2025-07-02 09:47:36 - User found: ID 16, Role: manager, Active: 1
[DEBUG] 2025-07-02 09:50:15 - === LOGIN STARTED ===
[DEBUG] 2025-07-02 09:50:15 - User found: ID 14, Role: admin, Active: 1
[DEBUG] 2025-07-02 09:53:30 - === LOGIN STARTED ===
[DEBUG] 2025-07-02 09:53:30 - User not found for email: neha@integritymatter.in
[DEBUG] 2025-07-02 09:53:30 - Login failed
[DEBUG] 2025-07-02 09:53:45 - === LOGIN STARTED ===
[DEBUG] 2025-07-02 09:53:45 - User not found for email: neha@integritymatter.in
[DEBUG] 2025-07-02 09:53:45 - Login failed
[DEBUG] 2025-07-02 09:54:44 - === LOGIN STARTED ===
[DEBUG] 2025-07-02 09:54:44 - User found: ID 18, Role: manager, Active: 1
[DEBUG] 2025-07-02 09:54:44 - Invalid password
[DEBUG] 2025-07-02 09:54:44 - Login failed
[DEBUG] 2025-07-02 09:54:52 - === LOGIN STARTED ===
[DEBUG] 2025-07-02 09:54:52 - User found: ID 18, Role: manager, Active: 1
[DEBUG] 2025-07-02 09:55:49 - === LOGIN STARTED ===
[DEBUG] 2025-07-02 09:55:49 - User found: ID 14, Role: admin, Active: 1
[DEBUG] 2025-07-02 09:58:05 - === LOGIN STARTED ===
[DEBUG] 2025-07-02 09:58:05 - User not found for email: neha@integritymatter.in
[DEBUG] 2025-07-02 09:58:05 - Login failed
[DEBUG] 2025-07-02 09:58:14 - === LOGIN STARTED ===
[DEBUG] 2025-07-02 09:58:14 - User found: ID 18, Role: manager, Active: 1
[DEBUG] 2025-07-02 09:59:50 - === LOGIN STARTED ===
[DEBUG] 2025-07-02 09:59:50 - User found: ID 14, Role: admin, Active: 1
[DEBUG] 2025-07-02 10:06:59 - === LOGIN STARTED ===
[DEBUG] 2025-07-02 10:06:59 - User found: ID 17, Role: user, Active: 1
[DEBUG] 2025-07-02 10:10:33 - === LOGIN STARTED ===
[DEBUG] 2025-07-02 10:10:33 - User found: ID 14, Role: admin, Active: 1
[DEBUG] 2025-07-02 10:12:52 - === LOGIN STARTED ===
[DEBUG] 2025-07-02 10:12:52 - User found: ID 17, Role: user, Active: 1
[DEBUG] 2025-07-02 10:13:31 - === LOGIN STARTED ===
[DEBUG] 2025-07-02 10:13:31 - User found: ID 16, Role: manager, Active: 1
[DEBUG] 2025-07-02 10:13:56 - === LOGIN STARTED ===
[DEBUG] 2025-07-02 10:13:56 - User found: ID 14, Role: admin, Active: 1
[DEBUG] 2025-07-02 10:14:07 - === LOGIN STARTED ===
[DEBUG] 2025-07-02 10:14:07 - User found: ID 16, Role: manager, Active: 1
[DEBUG] 2025-07-02 10:14:16 - === LOGIN STARTED ===
[DEBUG] 2025-07-02 10:14:16 - User found: ID 17, Role: user, Active: 1
[DEBUG] 2025-07-02 10:15:01 - === LOGIN STARTED ===
[DEBUG] 2025-07-02 10:15:01 - User found: ID 16, Role: manager, Active: 1
[DEBUG] 2025-07-02 10:15:12 - === LOGIN STARTED ===
[DEBUG] 2025-07-02 10:15:12 - User found: ID 14, Role: admin, Active: 1
[DEBUG] 2025-07-02 10:15:24 - === LOGIN STARTED ===
[DEBUG] 2025-07-02 10:15:24 - User found: ID 17, Role: user, Active: 1
[DEBUG] 2025-07-02 10:19:01 - === LOGIN STARTED ===
[DEBUG] 2025-07-02 10:19:01 - User found: ID 16, Role: manager, Active: 1
[DEBUG] 2025-07-02 10:19:21 - === LOGIN STARTED ===
[DEBUG] 2025-07-02 10:19:21 - User found: ID 14, Role: admin, Active: 1
[DEBUG] 2025-07-02 10:19:38 - === LOGIN STARTED ===
[DEBUG] 2025-07-02 10:19:38 - User found: ID 17, Role: user, Active: 1
[DEBUG] 2025-07-02 10:22:59 - === LOGIN STARTED ===
[DEBUG] 2025-07-02 10:22:59 - User found: ID 14, Role: admin, Active: 1
[DEBUG] 2025-07-02 11:07:18 - === LOGIN STARTED ===
[DEBUG] 2025-07-02 11:07:18 - User found: ID 17, Role: user, Active: 1
[DEBUG] 2025-07-02 11:07:38 - === LOGIN STARTED ===
[DEBUG] 2025-07-02 11:07:38 - User found: ID 16, Role: manager, Active: 1
[DEBUG] 2025-07-02 11:07:52 - === LOGIN STARTED ===
[DEBUG] 2025-07-02 11:07:52 - User found: ID 14, Role: admin, Active: 1
[DEBUG] 2025-07-02 11:08:02 - === LOGIN STARTED ===
[DEBUG] 2025-07-02 11:08:02 - User found: ID 17, Role: user, Active: 1
[DEBUG] 2025-07-03 10:01:44 - === LOGIN STARTED ===
[DEBUG] 2025-07-03 10:01:44 - User found: ID 17, Role: user, Active: 1
[DEBUG] 2025-07-03 10:01:52 - === LOGIN STARTED ===
[DEBUG] 2025-07-03 10:01:52 - User found: ID 16, Role: manager, Active: 1
[DEBUG] 2025-07-03 10:01:59 - === LOGIN STARTED ===
[DEBUG] 2025-07-03 10:01:59 - User found: ID 14, Role: admin, Active: 1
[DEBUG] 2025-07-03 10:02:45 - === LOGIN STARTED ===
[DEBUG] 2025-07-03 10:02:45 - User found: ID 16, Role: manager, Active: 1
[DEBUG] 2025-07-03 10:04:11 - === LOGIN STARTED ===
[DEBUG] 2025-07-03 10:04:11 - User found: ID 17, Role: user, Active: 1
[DEBUG] 2025-07-07 05:19:11 - === LOGIN STARTED ===
[DEBUG] 2025-07-07 05:19:11 - User found: ID 21, Role: manager, Active: 1
[DEBUG] 2025-07-07 05:19:41 - === LOGIN STARTED ===
[DEBUG] 2025-07-07 05:19:41 - User found: ID 15, Role: admin, Active: 1
[DEBUG] 2025-07-07 05:19:53 - === LOGIN STARTED ===
[DEBUG] 2025-07-07 05:19:53 - User found: ID 14, Role: admin, Active: 1
[DEBUG] 2025-07-07 05:24:29 - === LOGIN STARTED ===
[DEBUG] 2025-07-07 05:24:29 - User found: ID 21, Role: manager, Active: 1
[DEBUG] 2025-07-07 05:25:05 - === LOGIN STARTED ===
[DEBUG] 2025-07-07 05:25:05 - User found: ID 15, Role: admin, Active: 1
[DEBUG] 2025-07-07 05:28:32 - === LOGIN STARTED ===
[DEBUG] 2025-07-07 05:28:32 - User found: ID 14, Role: admin, Active: 1
[DEBUG] 2025-07-07 05:31:38 - === LOGIN STARTED ===
[DEBUG] 2025-07-07 05:31:38 - User found: ID 21, Role: manager, Active: 1
[DEBUG] 2025-07-07 05:32:06 - === LOGIN STARTED ===
[DEBUG] 2025-07-07 05:32:06 - User found: ID 15, Role: admin, Active: 1
[DEBUG] 2025-07-07 05:52:02 - === LOGIN STARTED ===
[DEBUG] 2025-07-07 05:52:02 - User found: ID 21, Role: manager, Active: 1
[DEBUG] 2025-07-07 05:52:02 - Invalid password
[DEBUG] 2025-07-07 05:52:02 - Login failed
[DEBUG] 2025-07-07 05:52:08 - === LOGIN STARTED ===
[DEBUG] 2025-07-07 05:52:08 - User found: ID 21, Role: manager, Active: 1
[DEBUG] 2025-07-07 05:53:35 - === LOGIN STARTED ===
[DEBUG] 2025-07-07 05:53:35 - User found: ID 15, Role: admin, Active: 1
[DEBUG] 2025-07-07 05:53:58 - === LOGIN STARTED ===
[DEBUG] 2025-07-07 05:53:58 - User found: ID 14, Role: admin, Active: 1
[DEBUG] 2025-07-07 05:54:24 - === LOGIN STARTED ===
[DEBUG] 2025-07-07 05:54:24 - User found: ID 15, Role: admin, Active: 1
[DEBUG] 2025-07-07 05:54:50 - === LOGIN STARTED ===
[DEBUG] 2025-07-07 05:54:50 - User found: ID 21, Role: manager, Active: 1
[DEBUG] 2025-07-07 05:55:22 - === LOGIN STARTED ===
[DEBUG] 2025-07-07 05:55:22 - User found: ID 15, Role: admin, Active: 1
[DEBUG] 2025-07-07 05:57:14 - === LOGIN STARTED ===
[DEBUG] 2025-07-07 05:57:14 - User found: ID 21, Role: manager, Active: 1
[DEBUG] 2025-07-07 06:09:04 - === LOGIN STARTED ===
[DEBUG] 2025-07-07 06:09:04 - User found: ID 21, Role: manager, Active: 1
[DEBUG] 2025-07-07 06:09:30 - === LOGIN STARTED ===
[DEBUG] 2025-07-07 06:09:30 - User found: ID 15, Role: admin, Active: 1
[DEBUG] 2025-07-07 06:10:22 - === LOGIN STARTED ===
[DEBUG] 2025-07-07 06:10:22 - User found: ID 14, Role: admin, Active: 1
[DEBUG] 2025-07-07 06:14:19 - === LOGIN STARTED ===
[DEBUG] 2025-07-07 06:14:19 - User found: ID 21, Role: manager, Active: 1
[DEBUG] 2025-07-07 06:14:38 - === LOGIN STARTED ===
[DEBUG] 2025-07-07 06:14:38 - User found: ID 15, Role: admin, Active: 1
[DEBUG] 2025-07-07 06:15:08 - === LOGIN STARTED ===
[DEBUG] 2025-07-07 06:15:08 - User found: ID 14, Role: admin, Active: 1
[DEBUG] 2025-07-07 06:17:14 - === LOGIN STARTED ===
[DEBUG] 2025-07-07 06:17:14 - User found: ID 21, Role: manager, Active: 1
[DEBUG] 2025-07-07 06:17:31 - === LOGIN STARTED ===
[DEBUG] 2025-07-07 06:17:31 - User found: ID 15, Role: admin, Active: 1
[DEBUG] 2025-07-07 06:18:10 - === LOGIN STARTED ===
[DEBUG] 2025-07-07 06:18:10 - User found: ID 21, Role: manager, Active: 1
[DEBUG] 2025-07-07 06:20:34 - === LOGIN STARTED ===
[DEBUG] 2025-07-07 06:20:34 - User found: ID 15, Role: admin, Active: 1
[DEBUG] 2025-07-07 06:20:45 - === LOGIN STARTED ===
[DEBUG] 2025-07-07 06:20:45 - User found: ID 14, Role: admin, Active: 1
[DEBUG] 2025-07-07 06:21:28 - === LOGIN STARTED ===
[DEBUG] 2025-07-07 06:21:28 - User found: ID 17, Role: user, Active: 1
[DEBUG] 2025-07-07 06:22:03 - === LOGIN STARTED ===
[DEBUG] 2025-07-07 06:22:03 - User found: ID 16, Role: manager, Active: 1
[DEBUG] 2025-07-07 06:23:05 - === LOGIN STARTED ===
[DEBUG] 2025-07-07 06:23:05 - User found: ID 15, Role: admin, Active: 1
[DEBUG] 2025-07-07 06:23:26 - === LOGIN STARTED ===
[DEBUG] 2025-07-07 06:23:26 - User found: ID 14, Role: admin, Active: 1
[DEBUG] 2025-07-07 06:35:29 - === LOGIN STARTED ===
[DEBUG] 2025-07-07 06:35:29 - User found: ID 21, Role: manager, Active: 1
[DEBUG] 2025-07-07 06:35:55 - === LOGIN STARTED ===
[DEBUG] 2025-07-07 06:35:55 - User found: ID 15, Role: admin, Active: 1
[DEBUG] 2025-07-07 06:36:46 - === LOGIN STARTED ===
[DEBUG] 2025-07-07 06:36:46 - User found: ID 14, Role: admin, Active: 1
[DEBUG] 2025-07-07 06:37:01 - === LOGIN STARTED ===
[DEBUG] 2025-07-07 06:37:01 - User found: ID 15, Role: admin, Active: 1
[DEBUG] 2025-07-07 06:43:40 - === LOGIN STARTED ===
[DEBUG] 2025-07-07 06:43:40 - User found: ID 14, Role: admin, Active: 1
[DEBUG] 2025-07-07 06:44:09 - === LOGIN STARTED ===
[DEBUG] 2025-07-07 06:44:09 - User found: ID 17, Role: user, Active: 1
[DEBUG] 2025-07-07 06:44:40 - === LOGIN STARTED ===
[DEBUG] 2025-07-07 06:44:40 - User found: ID 16, Role: manager, Active: 1
[DEBUG] 2025-07-07 06:44:53 - === LOGIN STARTED ===
[DEBUG] 2025-07-07 06:44:53 - User found: ID 14, Role: admin, Active: 1
[DEBUG] 2025-07-07 06:50:14 - === LOGIN STARTED ===
[DEBUG] 2025-07-07 06:50:14 - User found: ID 15, Role: admin, Active: 1
[DEBUG] 2025-07-07 06:55:24 - === LOGIN STARTED ===
[DEBUG] 2025-07-07 06:55:24 - User found: ID 14, Role: admin, Active: 1
[DEBUG] 2025-07-07 07:09:29 - === LOGIN STARTED ===
[DEBUG] 2025-07-07 07:09:29 - User found: ID 15, Role: admin, Active: 1
[DEBUG] 2025-07-07 07:09:45 - === LOGIN STARTED ===
[DEBUG] 2025-07-07 07:09:45 - User found: ID 14, Role: admin, Active: 1
[DEBUG] 2025-07-08 08:10:47 - === LOGIN STARTED ===
[DEBUG] 2025-07-08 08:10:47 - User found: ID 15, Role: admin, Active: 1
[DEBUG] 2025-07-08 08:10:55 - === LOGIN STARTED ===
[DEBUG] 2025-07-08 08:10:55 - User found: ID 14, Role: admin, Active: 1
[DEBUG] 2025-07-08 08:11:05 - === LOGIN STARTED ===
[DEBUG] 2025-07-08 08:11:05 - User found: ID 16, Role: manager, Active: 1
[DEBUG] 2025-07-08 08:11:26 - === LOGIN STARTED ===
[DEBUG] 2025-07-08 08:11:26 - User found: ID 15, Role: admin, Active: 1
[DEBUG] 2025-07-08 08:11:36 - === LOGIN STARTED ===
[DEBUG] 2025-07-08 08:11:36 - User found: ID 14, Role: admin, Active: 1
[DEBUG] 2025-07-08 08:15:29 - === LOGIN STARTED ===
[DEBUG] 2025-07-08 08:15:29 - User found: ID 17, Role: user, Active: 1
[DEBUG] 2025-07-08 08:15:29 - Invalid password
[DEBUG] 2025-07-08 08:15:29 - Login failed
[DEBUG] 2025-07-08 08:15:37 - === LOGIN STARTED ===
[DEBUG] 2025-07-08 08:15:37 - User found: ID 17, Role: user, Active: 1
[DEBUG] 2025-07-08 08:16:17 - === LOGIN STARTED ===
[DEBUG] 2025-07-08 08:16:17 - User found: ID 16, Role: manager, Active: 1
[DEBUG] 2025-07-08 08:16:56 - === LOGIN STARTED ===
[DEBUG] 2025-07-08 08:16:56 - User found: ID 14, Role: admin, Active: 1
[DEBUG] 2025-07-08 08:18:06 - === LOGIN STARTED ===
[DEBUG] 2025-07-08 08:18:06 - User found: ID 17, Role: user, Active: 1
[DEBUG] 2025-07-08 08:18:23 - === LOGIN STARTED ===
[DEBUG] 2025-07-08 08:18:23 - User found: ID 14, Role: admin, Active: 1
[DEBUG] 2025-07-11 06:25:03 - === LOGIN STARTED ===
[DEBUG] 2025-07-11 06:25:03 - User found: ID 14, Role: admin, Active: 1
[DEBUG] 2025-07-11 06:25:15 - === LOGIN STARTED ===
[DEBUG] 2025-07-11 06:25:15 - User found: ID 17, Role: user, Active: 1
[DEBUG] 2025-07-11 06:48:51 - === LOGIN STARTED ===
[DEBUG] 2025-07-11 06:48:51 - User found: ID 16, Role: manager, Active: 1
[DEBUG] 2025-07-11 06:49:14 - === LOGIN STARTED ===
[DEBUG] 2025-07-11 06:49:14 - User found: ID 14, Role: admin, Active: 1
[DEBUG] 2025-07-11 06:49:24 - === LOGIN STARTED ===
[DEBUG] 2025-07-11 06:49:24 - User found: ID 15, Role: admin, Active: 1
[DEBUG] 2025-07-11 06:49:34 - === LOGIN STARTED ===
[DEBUG] 2025-07-11 06:49:34 - User found: ID 16, Role: manager, Active: 1
[DEBUG] 2025-07-11 06:50:05 - === LOGIN STARTED ===
[DEBUG] 2025-07-11 06:50:05 - User found: ID 17, Role: user, Active: 1
[DEBUG] 2025-07-11 06:50:28 - === LOGIN STARTED ===
[DEBUG] 2025-07-11 06:50:28 - User found: ID 15, Role: admin, Active: 1
[DEBUG] 2025-07-11 06:50:37 - === LOGIN STARTED ===
[DEBUG] 2025-07-11 06:50:37 - User found: ID 17, Role: user, Active: 1
[DEBUG] 2025-07-11 06:50:45 - === LOGIN STARTED ===
[DEBUG] 2025-07-11 06:50:45 - User found: ID 21, Role: manager, Active: 1
[DEBUG] 2025-07-11 06:50:55 - === LOGIN STARTED ===
[DEBUG] 2025-07-11 06:50:55 - User found: ID 14, Role: admin, Active: 1
[DEBUG] 2025-07-14 05:50:03 - === LOGIN STARTED ===
[DEBUG] 2025-07-14 05:50:03 - User found: ID 14, Role: admin, Active: 1
[DEBUG] 2025-07-14 05:51:14 - === LOGIN STARTED ===
[DEBUG] 2025-07-14 05:51:14 - User found: ID 22, Role: manager, Active: 1
[DEBUG] 2025-07-23 09:05:00 - === LOGIN STARTED ===
[DEBUG] 2025-07-23 09:05:00 - User found: ID 17, Role: user, Active: 1
[DEBUG] 2025-07-23 09:08:05 - === LOGIN STARTED ===
[DEBUG] 2025-07-23 09:08:05 - User found: ID 14, Role: admin, Active: 1
[DEBUG] 2025-07-23 09:09:22 - === LOGIN STARTED ===
[DEBUG] 2025-07-23 09:09:22 - User found: ID 15, Role: admin, Active: 1
[DEBUG] 2025-07-23 09:46:54 - === LOGIN STARTED ===
[DEBUG] 2025-07-23 09:46:54 - User found: ID 17, Role: user, Active: 1
[DEBUG] 2025-07-23 09:46:54 - Invalid password
[DEBUG] 2025-07-23 09:46:54 - Login failed
[DEBUG] 2025-07-23 09:47:00 - === LOGIN STARTED ===
[DEBUG] 2025-07-23 09:47:00 - User found: ID 17, Role: user, Active: 1
[DEBUG] 2025-07-23 10:17:30 - === LOGIN STARTED ===
[DEBUG] 2025-07-23 10:17:30 - User found: ID 6, Role: manager, Active: 1
[DEBUG] 2025-07-23 10:17:40 - === LOGIN STARTED ===
[DEBUG] 2025-07-23 10:17:40 - User found: ID 7, Role: admin, Active: 1
[DEBUG] 2025-07-23 10:27:01 - === LOGIN STARTED ===
[DEBUG] 2025-07-23 10:27:01 - User found: ID 17, Role: user, Active: 1
[DEBUG] 2025-07-23 10:27:34 - === LOGIN STARTED ===
[DEBUG] 2025-07-23 10:27:34 - User found: ID 16, Role: manager, Active: 1
[DEBUG] 2025-07-23 10:27:45 - === LOGIN STARTED ===
[DEBUG] 2025-07-23 10:27:45 - User found: ID 14, Role: admin, Active: 1
[DEBUG] 2025-07-23 10:27:56 - === LOGIN STARTED ===
[DEBUG] 2025-07-23 10:27:56 - User found: ID 16, Role: manager, Active: 1
[DEBUG] 2025-07-23 10:28:06 - === LOGIN STARTED ===
[DEBUG] 2025-07-23 10:28:06 - User found: ID 16, Role: manager, Active: 1
[DEBUG] 2025-07-23 10:28:27 - === LOGIN STARTED ===
[DEBUG] 2025-07-23 10:28:27 - User found: ID 15, Role: admin, Active: 1
[DEBUG] 2025-07-23 10:28:38 - === LOGIN STARTED ===
[DEBUG] 2025-07-23 10:28:38 - User found: ID 14, Role: admin, Active: 1
[DEBUG] 2025-07-23 10:28:58 - === LOGIN STARTED ===
[DEBUG] 2025-07-23 10:28:58 - User found: ID 14, Role: admin, Active: 1
[DEBUG] 2025-07-23 10:29:22 - === LOGIN STARTED ===
[DEBUG] 2025-07-23 10:29:22 - User found: ID 14, Role: admin, Active: 1
[DEBUG] 2025-07-23 10:29:40 - === LOGIN STARTED ===
[DEBUG] 2025-07-23 10:29:40 - User found: ID 15, Role: admin, Active: 1
[DEBUG] 2025-07-23 10:37:05 - === LOGIN STARTED ===
[DEBUG] 2025-07-23 10:37:05 - User found: ID 22, Role: manager, Active: 1
[DEBUG] 2025-07-23 10:41:26 - === LOGIN STARTED ===
[DEBUG] 2025-07-23 10:41:26 - User found: ID 14, Role: admin, Active: 1
[DEBUG] 2025-07-23 12:07:29 - === LOGIN STARTED ===
[DEBUG] 2025-07-23 12:07:29 - User found: ID 15, Role: admin, Active: 1
[DEBUG] 2025-07-23 12:07:49 - === LOGIN STARTED ===
[DEBUG] 2025-07-23 12:07:49 - User found: ID 14, Role: admin, Active: 1
[DEBUG] 2025-07-23 12:07:59 - === LOGIN STARTED ===
[DEBUG] 2025-07-23 12:07:59 - User found: ID 15, Role: admin, Active: 1
[DEBUG] 2025-07-23 12:08:39 - === LOGIN STARTED ===
[DEBUG] 2025-07-23 12:08:39 - User found: ID 16, Role: manager, Active: 1
[DEBUG] 2025-07-23 12:08:57 - === LOGIN STARTED ===
[DEBUG] 2025-07-23 12:08:57 - User found: ID 15, Role: admin, Active: 1
[DEBUG] 2025-07-23 12:09:08 - === LOGIN STARTED ===
[DEBUG] 2025-07-23 12:09:08 - User found: ID 14, Role: admin, Active: 1
[DEBUG] 2025-07-23 12:12:45 - === LOGIN STARTED ===
[DEBUG] 2025-07-23 12:12:45 - User found: ID 15, Role: admin, Active: 1
[DEBUG] 2025-07-23 12:28:32 - === LOGIN STARTED ===
[DEBUG] 2025-07-23 12:28:32 - User found: ID 17, Role: user, Active: 1
[DEBUG] 2025-07-23 12:28:57 - === LOGIN STARTED ===
[DEBUG] 2025-07-23 12:28:57 - User found: ID 16, Role: manager, Active: 1
[DEBUG] 2025-07-23 12:29:13 - === LOGIN STARTED ===
[DEBUG] 2025-07-23 12:29:13 - User found: ID 15, Role: admin, Active: 1
[DEBUG] 2025-07-23 12:29:21 - === LOGIN STARTED ===
[DEBUG] 2025-07-23 12:29:21 - User found: ID 14, Role: admin, Active: 1
[DEBUG] 2025-07-23 12:29:37 - === LOGIN STARTED ===
[DEBUG] 2025-07-23 12:29:37 - User found: ID 15, Role: admin, Active: 1
[DEBUG] 2025-07-24 08:22:54 - === LOGIN STARTED ===
[DEBUG] 2025-07-24 08:22:54 - User found: ID 15, Role: admin, Active: 1
[DEBUG] 2025-07-24 08:34:10 - === LOGIN STARTED ===
[DEBUG] 2025-07-24 08:34:10 - User not found for email: yatish@integritymatters.in
[DEBUG] 2025-07-24 08:34:10 - Login failed
[DEBUG] 2025-07-24 08:37:04 - === LOGIN STARTED ===
[DEBUG] 2025-07-24 08:37:04 - User found: ID 1, Role: admin, Active: 1
[DEBUG] 2025-07-24 08:47:24 - === LOGIN STARTED ===
[DEBUG] 2025-07-24 08:47:24 - User found: ID 23, Role: admin, Active: 1
[DEBUG] 2025-07-24 08:47:24 - Invalid password
[DEBUG] 2025-07-24 08:47:24 - Login failed
[DEBUG] 2025-07-24 08:47:33 - === LOGIN STARTED ===
[DEBUG] 2025-07-24 08:47:33 - User found: ID 23, Role: admin, Active: 1
[DEBUG] 2025-07-24 08:49:09 - === LOGIN STARTED ===
[DEBUG] 2025-07-24 08:49:09 - User found: ID 23, Role: admin, Active: 1
[DEBUG] 2025-07-24 08:51:08 - === LOGIN STARTED ===
[DEBUG] 2025-07-24 08:51:08 - User found: ID 23, Role: admin, Active: 1
[DEBUG] 2025-07-24 08:51:25 - === LOGIN STARTED ===
[DEBUG] 2025-07-24 08:51:25 - User found: ID 25, Role: admin, Active: 1
[DEBUG] 2025-07-24 08:52:03 - === LOGIN STARTED ===
[DEBUG] 2025-07-24 08:52:03 - User found: ID 23, Role: admin, Active: 1
[DEBUG] 2025-07-24 09:10:55 - === LOGIN STARTED ===
[DEBUG] 2025-07-24 09:10:55 - User found: ID 23, Role: admin, Active: 1
[DEBUG] 2025-07-29 06:51:19 - === LOGIN STARTED ===
[DEBUG] 2025-07-29 06:51:19 - User not found for email: shreeghodke123@gmail.com
[DEBUG] 2025-07-29 06:51:19 - Login failed
[DEBUG] 2025-07-29 06:51:27 - === LOGIN STARTED ===
[DEBUG] 2025-07-29 06:51:27 - User not found for email: shreeghodke123@gmail.com
[DEBUG] 2025-07-29 06:51:27 - Login failed
[DEBUG] 2025-07-29 06:51:35 - === LOGIN STARTED ===
[DEBUG] 2025-07-29 06:51:35 - User not found for email: shreeghodke123@gmail.com
[DEBUG] 2025-07-29 06:51:35 - Login failed
[DEBUG] 2025-07-29 06:51:51 - === LOGIN STARTED ===
[DEBUG] 2025-07-29 06:51:51 - User not found for email: shreeghodke123@gmail.com
[DEBUG] 2025-07-29 06:51:51 - Login failed
[DEBUG] 2025-07-29 06:53:14 - === LOGIN STARTED ===
[DEBUG] 2025-07-29 06:53:14 - User found: ID 24, Role: manager, Active: 1
[DEBUG] 2025-07-29 06:53:14 - Invalid password
[DEBUG] 2025-07-29 06:53:14 - Login failed
[DEBUG] 2025-07-29 06:53:23 - === LOGIN STARTED ===
[DEBUG] 2025-07-29 06:53:23 - User found: ID 24, Role: manager, Active: 1
[DEBUG] 2025-07-29 06:53:23 - Invalid password
[DEBUG] 2025-07-29 06:53:23 - Login failed
[DEBUG] 2025-07-29 06:54:14 - === LOGIN STARTED ===
[DEBUG] 2025-07-29 06:54:14 - User found: ID 24, Role: manager, Active: 1
[DEBUG] 2025-07-29 07:03:55 - === LOGIN STARTED ===
[DEBUG] 2025-07-29 07:03:55 - User found: ID 23, Role: admin, Active: 1
[DEBUG] 2025-07-29 07:03:55 - Invalid password
[DEBUG] 2025-07-29 07:03:55 - Login failed
[DEBUG] 2025-07-29 07:04:01 - === LOGIN STARTED ===
[DEBUG] 2025-07-29 07:04:01 - User found: ID 23, Role: admin, Active: 1
[DEBUG] 2025-07-29 07:04:19 - === LOGIN STARTED ===
[DEBUG] 2025-07-29 07:04:19 - User found: ID 25, Role: admin, Active: 1
[DEBUG] 2025-07-29 07:04:39 - === LOGIN STARTED ===
[DEBUG] 2025-07-29 07:04:39 - User found: ID 24, Role: manager, Active: 1
[DEBUG] 2025-07-29 07:49:01 - === LOGIN STARTED ===
[DEBUG] 2025-07-29 07:49:01 - User found: ID 24, Role: manager, Active: 1
[DEBUG] 2025-07-29 07:49:01 - Invalid password
[DEBUG] 2025-07-29 07:49:01 - Login failed
[DEBUG] 2025-07-29 07:49:09 - === LOGIN STARTED ===
[DEBUG] 2025-07-29 07:49:09 - User found: ID 24, Role: manager, Active: 1
[DEBUG] 2025-07-29 08:45:14 - === LOGIN STARTED ===
[DEBUG] 2025-07-29 08:45:14 - User found: ID 23, Role: admin, Active: 1
[DEBUG] 2025-07-29 08:45:14 - Invalid password
[DEBUG] 2025-07-29 08:45:14 - Login failed
[DEBUG] 2025-07-29 08:45:21 - === LOGIN STARTED ===
[DEBUG] 2025-07-29 08:45:21 - User found: ID 23, Role: admin, Active: 1
[DEBUG] 2025-07-29 08:45:58 - === LOGIN STARTED ===
[DEBUG] 2025-07-29 08:45:58 - User found: ID 25, Role: admin, Active: 1
[DEBUG] 2025-07-29 08:45:58 - Invalid password
[DEBUG] 2025-07-29 08:45:58 - Login failed
[DEBUG] 2025-07-29 08:46:04 - === LOGIN STARTED ===
[DEBUG] 2025-07-29 08:46:04 - User found: ID 25, Role: admin, Active: 1
[DEBUG] 2025-07-29 08:47:58 - === LOGIN STARTED ===
[DEBUG] 2025-07-29 08:47:58 - User found: ID 24, Role: manager, Active: 1
[DEBUG] 2025-07-29 08:47:58 - Invalid password
[DEBUG] 2025-07-29 08:47:58 - Login failed
[DEBUG] 2025-07-29 08:48:05 - === LOGIN STARTED ===
[DEBUG] 2025-07-29 08:48:05 - User found: ID 24, Role: manager, Active: 1
[DEBUG] 2025-07-29 08:52:40 - === LOGIN STARTED ===
[DEBUG] 2025-07-29 08:52:40 - User found: ID 25, Role: admin, Active: 1
[DEBUG] 2025-07-29 08:56:00 - === LOGIN STARTED ===
[DEBUG] 2025-07-29 08:56:00 - User found: ID 25, Role: admin, Active: 1
[DEBUG] 2025-07-29 08:56:16 - === LOGIN STARTED ===
[DEBUG] 2025-07-29 08:56:16 - User found: ID 26, Role: user, Active: 1
[DEBUG] 2025-07-29 08:57:09 - === LOGIN STARTED ===
[DEBUG] 2025-07-29 08:57:09 - User found: ID 24, Role: manager, Active: 1
[DEBUG] 2025-07-29 08:57:09 - Invalid password
[DEBUG] 2025-07-29 08:57:09 - Login failed
[DEBUG] 2025-07-29 08:57:15 - === LOGIN STARTED ===
[DEBUG] 2025-07-29 08:57:15 - User found: ID 24, Role: manager, Active: 1
[DEBUG] 2025-07-29 08:57:47 - === LOGIN STARTED ===
[DEBUG] 2025-07-29 08:57:47 - User found: ID 23, Role: admin, Active: 1
[DEBUG] 2025-07-29 09:13:13 - === LOGIN STARTED ===
[DEBUG] 2025-07-29 09:13:13 - User found: ID 24, Role: manager, Active: 1
[DEBUG] 2025-07-29 09:13:13 - Invalid password
[DEBUG] 2025-07-29 09:13:13 - Login failed
[DEBUG] 2025-07-29 09:13:20 - === LOGIN STARTED ===
[DEBUG] 2025-07-29 09:13:20 - User found: ID 24, Role: manager, Active: 1
[DEBUG] 2025-07-29 10:03:23 - === LOGIN STARTED ===
[DEBUG] 2025-07-29 10:03:23 - User found: ID 25, Role: admin, Active: 1
[DEBUG] 2025-07-29 10:03:48 - === LOGIN STARTED ===
[DEBUG] 2025-07-29 10:03:48 - User found: ID 26, Role: user, Active: 1
[DEBUG] 2025-07-29 10:14:53 - === LOGIN STARTED ===
[DEBUG] 2025-07-29 10:14:53 - User found: ID 26, Role: user, Active: 1
[DEBUG] 2025-07-29 10:15:35 - === LOGIN STARTED ===
[DEBUG] 2025-07-29 10:15:35 - User found: ID 26, Role: user, Active: 1
[DEBUG] 2025-07-29 10:16:03 - === LOGIN STARTED ===
[29-Jul-2025 10:16:03 UTC] PHP Deprecated:  strtotime(): Passing null to parameter #1 ($datetime) of type string is deprecated in /home1/pashupra/sajiviniai.webpagetrading.in/monthly_leave_credit.php on line 24
[DEBUG] 2025-07-29 10:16:03 - User found: ID 26, Role: user, Active: 1
[DEBUG] 2025-07-29 10:17:34 - === LOGIN STARTED ===
[DEBUG] 2025-07-29 10:17:34 - User found: ID 26, Role: user, Active: 1
[DEBUG] 2025-07-29 10:20:33 - === LOGIN STARTED ===
[DEBUG] 2025-07-29 10:20:33 - User found: ID 26, Role: user, Active: 1
[DEBUG] 2025-07-29 10:23:03 - === LOGIN STARTED ===
[DEBUG] 2025-07-29 10:23:03 - User found: ID 26, Role: user, Active: 1
[DEBUG] 2025-07-29 12:25:40 - === LOGIN STARTED ===
[DEBUG] 2025-07-29 12:25:40 - User found: ID 24, Role: manager, Active: 1
[DEBUG] 2025-07-29 12:25:40 - Invalid password
[DEBUG] 2025-07-29 12:25:40 - Login failed
[DEBUG] 2025-07-29 12:25:46 - === LOGIN STARTED ===
[DEBUG] 2025-07-29 12:25:46 - User found: ID 24, Role: manager, Active: 1
[DEBUG] 2025-07-29 12:33:33 - === LOGIN STARTED ===
[DEBUG] 2025-07-29 12:33:33 - User found: ID 23, Role: admin, Active: 1
[DEBUG] 2025-07-29 12:33:46 - === LOGIN STARTED ===
[DEBUG] 2025-07-29 12:33:46 - User found: ID 25, Role: admin, Active: 1
[DEBUG] 2025-07-29 12:34:12 - === LOGIN STARTED ===
[DEBUG] 2025-07-29 12:34:12 - User found: ID 26, Role: user, Active: 1
[DEBUG] 2025-07-29 12:48:41 - === LOGIN STARTED ===
[DEBUG] 2025-07-29 12:48:41 - User found: ID 24, Role: manager, Active: 1
[DEBUG] 2025-07-29 12:48:41 - Invalid password
[DEBUG] 2025-07-29 12:48:41 - Login failed
[DEBUG] 2025-07-29 12:48:47 - === LOGIN STARTED ===
[DEBUG] 2025-07-29 12:48:47 - User found: ID 24, Role: manager, Active: 1
[DEBUG] 2025-07-29 12:49:01 - === LOGIN STARTED ===
[DEBUG] 2025-07-29 12:49:01 - User found: ID 25, Role: admin, Active: 1
[DEBUG] 2025-07-29 12:49:17 - === LOGIN STARTED ===
[DEBUG] 2025-07-29 12:49:17 - User found: ID 26, Role: user, Active: 1
[DEBUG] 2025-07-29 12:52:17 - === LOGIN STARTED ===
[DEBUG] 2025-07-29 12:52:17 - User found: ID 24, Role: manager, Active: 1
[DEBUG] 2025-07-29 12:52:34 - === LOGIN STARTED ===
[DEBUG] 2025-07-29 12:52:34 - User found: ID 25, Role: admin, Active: 1
[DEBUG] 2025-07-29 12:52:50 - === LOGIN STARTED ===
[DEBUG] 2025-07-29 12:52:50 - User found: ID 26, Role: user, Active: 1
[DEBUG] 2025-07-30 05:57:37 - === LOGIN STARTED ===
[DEBUG] 2025-07-30 05:57:37 - User found: ID 26, Role: user, Active: 1
[DEBUG] 2025-07-30 06:19:22 - === LOGIN STARTED ===
[DEBUG] 2025-07-30 06:19:22 - User found: ID 24, Role: manager, Active: 1
[DEBUG] 2025-07-30 06:19:22 - Invalid password
[DEBUG] 2025-07-30 06:19:22 - Login failed
[DEBUG] 2025-07-30 06:19:27 - === LOGIN STARTED ===
[DEBUG] 2025-07-30 06:19:27 - User found: ID 24, Role: manager, Active: 1
[DEBUG] 2025-07-30 06:19:53 - === LOGIN STARTED ===
[DEBUG] 2025-07-30 06:19:53 - User found: ID 25, Role: admin, Active: 1
[DEBUG] 2025-07-30 06:19:54 - Invalid password
[DEBUG] 2025-07-30 06:19:54 - Login failed
[DEBUG] 2025-07-30 06:19:58 - === LOGIN STARTED ===
[DEBUG] 2025-07-30 06:19:58 - User found: ID 25, Role: admin, Active: 1
[DEBUG] 2025-07-30 06:20:10 - === LOGIN STARTED ===
[DEBUG] 2025-07-30 06:20:10 - User found: ID 26, Role: user, Active: 1
[DEBUG] 2025-07-30 06:20:38 - === LOGIN STARTED ===
[DEBUG] 2025-07-30 06:20:38 - User found: ID 24, Role: manager, Active: 1
[DEBUG] 2025-07-30 06:20:38 - Invalid password
[DEBUG] 2025-07-30 06:20:38 - Login failed
[DEBUG] 2025-07-30 06:20:44 - === LOGIN STARTED ===
[DEBUG] 2025-07-30 06:20:44 - User found: ID 24, Role: manager, Active: 1
[DEBUG] 2025-07-30 06:21:21 - === LOGIN STARTED ===
[DEBUG] 2025-07-30 06:21:21 - User found: ID 26, Role: user, Active: 1
[DEBUG] 2025-07-30 06:21:43 - === LOGIN STARTED ===
[DEBUG] 2025-07-30 06:21:43 - User found: ID 24, Role: manager, Active: 1
[DEBUG] 2025-07-30 06:21:43 - Invalid password
[DEBUG] 2025-07-30 06:21:43 - Login failed
[DEBUG] 2025-07-30 06:21:49 - === LOGIN STARTED ===
[DEBUG] 2025-07-30 06:21:49 - User found: ID 24, Role: manager, Active: 1
[DEBUG] 2025-07-30 06:22:13 - === LOGIN STARTED ===
[DEBUG] 2025-07-30 06:22:13 - User found: ID 25, Role: admin, Active: 1
[DEBUG] 2025-07-30 06:22:25 - === LOGIN STARTED ===
[DEBUG] 2025-07-30 06:22:25 - User found: ID 26, Role: user, Active: 1
[DEBUG] 2025-07-30 06:28:17 - === LOGIN STARTED ===
[DEBUG] 2025-07-30 06:28:17 - User found: ID 24, Role: manager, Active: 1
[DEBUG] 2025-07-30 06:28:28 - === LOGIN STARTED ===
[DEBUG] 2025-07-30 06:28:28 - User found: ID 25, Role: admin, Active: 1
[DEBUG] 2025-07-30 06:28:39 - === LOGIN STARTED ===
[DEBUG] 2025-07-30 06:28:39 - User found: ID 26, Role: user, Active: 1
[DEBUG] 2025-07-30 06:39:52 - === LOGIN STARTED ===
[DEBUG] 2025-07-30 06:39:52 - User found: ID 24, Role: manager, Active: 1
[DEBUG] 2025-07-30 06:40:03 - === LOGIN STARTED ===
[DEBUG] 2025-07-30 06:40:03 - User found: ID 25, Role: admin, Active: 1
[DEBUG] 2025-07-30 06:40:18 - === LOGIN STARTED ===
[DEBUG] 2025-07-30 06:40:18 - User found: ID 26, Role: user, Active: 1
[DEBUG] 2025-07-30 06:41:03 - === LOGIN STARTED ===
[DEBUG] 2025-07-30 06:41:03 - User found: ID 24, Role: manager, Active: 1
[DEBUG] 2025-07-30 06:41:44 - === LOGIN STARTED ===
[DEBUG] 2025-07-30 06:41:44 - User found: ID 25, Role: admin, Active: 1
[DEBUG] 2025-07-30 06:48:52 - === LOGIN STARTED ===
[DEBUG] 2025-07-30 06:48:52 - User found: ID 24, Role: manager, Active: 1
[DEBUG] 2025-07-30 06:54:03 - === LOGIN STARTED ===
[DEBUG] 2025-07-30 06:54:03 - User found: ID 25, Role: admin, Active: 1
[DEBUG] 2025-07-30 06:56:35 - === LOGIN STARTED ===
[DEBUG] 2025-07-30 06:56:35 - User found: ID 24, Role: manager, Active: 1
[DEBUG] 2025-07-30 06:56:35 - Invalid password
[DEBUG] 2025-07-30 06:56:35 - Login failed
[DEBUG] 2025-07-30 06:56:42 - === LOGIN STARTED ===
[DEBUG] 2025-07-30 06:56:42 - User found: ID 24, Role: manager, Active: 1
[DEBUG] 2025-07-30 06:57:00 - === LOGIN STARTED ===
[DEBUG] 2025-07-30 06:57:00 - User found: ID 25, Role: admin, Active: 1
[DEBUG] 2025-07-30 07:02:53 - === LOGIN STARTED ===
[DEBUG] 2025-07-30 07:02:53 - User found: ID 24, Role: manager, Active: 1
[DEBUG] 2025-07-30 07:03:13 - === LOGIN STARTED ===
[DEBUG] 2025-07-30 07:03:13 - User found: ID 25, Role: admin, Active: 1
[DEBUG] 2025-07-30 07:25:21 - === LOGIN STARTED ===
[DEBUG] 2025-07-30 07:25:21 - User found: ID 24, Role: manager, Active: 1
[DEBUG] 2025-07-30 07:25:31 - === LOGIN STARTED ===
[DEBUG] 2025-07-30 07:25:31 - User found: ID 25, Role: admin, Active: 1
[DEBUG] 2025-07-30 07:27:10 - === LOGIN STARTED ===
[DEBUG] 2025-07-30 07:27:10 - User found: ID 24, Role: manager, Active: 1
[DEBUG] 2025-07-30 07:27:35 - === LOGIN STARTED ===
[DEBUG] 2025-07-30 07:27:35 - User found: ID 25, Role: admin, Active: 1
[DEBUG] 2025-07-30 07:31:29 - === LOGIN STARTED ===
[DEBUG] 2025-07-30 07:31:29 - User found: ID 26, Role: user, Active: 1
[DEBUG] 2025-07-30 07:32:18 - === LOGIN STARTED ===
[DEBUG] 2025-07-30 07:32:18 - User found: ID 24, Role: manager, Active: 1
[DEBUG] 2025-07-30 07:51:01 - === LOGIN STARTED ===
[DEBUG] 2025-07-30 07:51:01 - User found: ID 25, Role: admin, Active: 1
[DEBUG] 2025-07-30 07:55:43 - === LOGIN STARTED ===
[DEBUG] 2025-07-30 07:55:43 - User found: ID 24, Role: manager, Active: 1
[DEBUG] 2025-07-30 08:16:27 - === LOGIN STARTED ===
[DEBUG] 2025-07-30 08:16:27 - User found: ID 26, Role: user, Active: 1
[DEBUG] 2025-07-30 09:09:28 - === LOGIN STARTED ===
[DEBUG] 2025-07-30 09:09:28 - User found: ID 26, Role: user, Active: 1
[DEBUG] 2025-07-30 09:29:55 - === LOGIN STARTED ===
[DEBUG] 2025-07-30 09:29:55 - User found: ID 24, Role: manager, Active: 1
[DEBUG] 2025-07-30 09:30:44 - === LOGIN STARTED ===
[DEBUG] 2025-07-30 09:30:44 - User found: ID 25, Role: admin, Active: 1
[DEBUG] 2025-07-30 10:32:26 - === LOGIN STARTED ===
[DEBUG] 2025-07-30 10:32:26 - User found: ID 23, Role: admin, Active: 1
[DEBUG] 2025-07-30 10:32:43 - === LOGIN STARTED ===
[DEBUG] 2025-07-30 10:32:43 - User found: ID 25, Role: admin, Active: 1
[DEBUG] 2025-07-31 07:07:19 - === LOGIN STARTED ===
[DEBUG] 2025-07-31 07:07:19 - User found: ID 26, Role: user, Active: 1
[DEBUG] 2025-07-31 07:08:38 - === LOGIN STARTED ===
[DEBUG] 2025-07-31 07:08:38 - User found: ID 24, Role: manager, Active: 1
[DEBUG] 2025-07-31 07:08:46 - === LOGIN STARTED ===
[DEBUG] 2025-07-31 07:08:46 - User found: ID 25, Role: admin, Active: 1
[DEBUG] 2025-07-31 07:09:51 - === LOGIN STARTED ===
[DEBUG] 2025-07-31 07:09:51 - User found: ID 24, Role: manager, Active: 1
[DEBUG] 2025-07-31 07:20:23 - === LOGIN STARTED ===
[DEBUG] 2025-07-31 07:20:23 - User found: ID 25, Role: admin, Active: 1
[DEBUG] 2025-07-31 07:29:36 - === LOGIN STARTED ===
[DEBUG] 2025-07-31 07:29:36 - User found: ID 24, Role: manager, Active: 1
[DEBUG] 2025-07-31 07:55:38 - === LOGIN STARTED ===
[DEBUG] 2025-07-31 07:55:38 - User found: ID 25, Role: admin, Active: 1
[DEBUG] 2025-07-31 07:58:21 - === LOGIN STARTED ===
[DEBUG] 2025-07-31 07:58:21 - User found: ID 25, Role: admin, Active: 1
[DEBUG] 2025-07-31 08:06:16 - === LOGIN STARTED ===
[DEBUG] 2025-07-31 08:06:16 - User found: ID 24, Role: manager, Active: 1
[DEBUG] 2025-07-31 08:07:24 - === LOGIN STARTED ===
[DEBUG] 2025-07-31 08:07:24 - User found: ID 25, Role: admin, Active: 1
[DEBUG] 2025-08-01 06:30:27 - === LOGIN STARTED ===
[DEBUG] 2025-08-01 06:30:27 - User found: ID 25, Role: admin, Active: 1
[DEBUG] 2025-08-01 06:57:19 - === LOGIN STARTED ===
[DEBUG] 2025-08-01 06:57:19 - User found: ID 26, Role: manager, Active: 1
[DEBUG] 2025-08-01 07:52:49 - === LOGIN STARTED ===
[DEBUG] 2025-08-01 07:52:49 - User found: ID 26, Role: manager, Active: 1
[DEBUG] 2025-08-01 07:53:22 - === LOGIN STARTED ===
[DEBUG] 2025-08-01 07:53:22 - User found: ID 23, Role: admin, Active: 1
[DEBUG] 2025-08-01 07:53:35 - === LOGIN STARTED ===
[DEBUG] 2025-08-01 07:53:35 - User found: ID 26, Role: manager, Active: 1
[DEBUG] 2025-08-01 09:33:07 - === LOGIN STARTED ===
[DEBUG] 2025-08-01 09:33:07 - User found: ID 1, Role: admin, Active: 1
[DEBUG] 2025-08-01 09:33:07 - Invalid password
[DEBUG] 2025-08-01 09:33:07 - Login failed
[DEBUG] 2025-08-01 09:34:17 - === LOGIN STARTED ===
[DEBUG] 2025-08-01 09:34:17 - User found: ID 1, Role: admin, Active: 1
[DEBUG] 2025-08-01 09:36:05 - === LOGIN STARTED ===
[DEBUG] 2025-08-01 09:36:05 - User found: ID 1, Role: admin, Active: 1
[DEBUG] 2025-08-01 09:40:14 - === LOGIN STARTED ===
[DEBUG] 2025-08-01 09:40:14 - User found: ID 2, Role: admin, Active: 1
[DEBUG] 2025-08-01 10:03:06 - === LOGIN STARTED ===
[DEBUG] 2025-08-01 10:03:06 - User found: ID 2, Role: admin, Active: 1
[DEBUG] 2025-08-04 10:14:54 - === LOGIN STARTED ===
[DEBUG] 2025-08-04 10:14:54 - User found: ID 2, Role: admin, Active: 1
[DEBUG] 2025-08-04 11:13:04 - === LOGIN STARTED ===
[DEBUG] 2025-08-04 11:13:04 - User found: ID 2, Role: admin, Active: 1
[DEBUG] 2025-08-04 11:25:08 - === LOGIN STARTED ===
[DEBUG] 2025-08-04 11:25:08 - User found: ID 8, Role: user, Active: 1
[DEBUG] 2025-08-04 11:25:49 - === LOGIN STARTED ===
[DEBUG] 2025-08-04 11:25:49 - User found: ID 8, Role: user, Active: 1
[DEBUG] 2025-08-04 11:30:32 - === LOGIN STARTED ===
[DEBUG] 2025-08-04 11:30:32 - User found: ID 6, Role: user, Active: 1
[DEBUG] 2025-08-04 11:30:59 - === LOGIN STARTED ===
[DEBUG] 2025-08-04 11:30:59 - User not found for email: shainy@integritymatters.in
[DEBUG] 2025-08-04 11:30:59 - Login failed
[DEBUG] 2025-08-04 11:31:12 - === LOGIN STARTED ===
[DEBUG] 2025-08-04 11:31:12 - User not found for email: shainy@integritymatters.in
[DEBUG] 2025-08-04 11:31:12 - Login failed
[DEBUG] 2025-08-04 11:31:26 - === LOGIN STARTED ===
[DEBUG] 2025-08-04 11:31:26 - User not found for email: shainy@integritymatters.in
[DEBUG] 2025-08-04 11:31:26 - Login failed
[DEBUG] 2025-08-04 11:31:38 - === LOGIN STARTED ===
[DEBUG] 2025-08-04 11:31:38 - User not found for email: shainy@integritymatters.in
[DEBUG] 2025-08-04 11:31:38 - Login failed
[DEBUG] 2025-08-04 11:31:54 - === LOGIN STARTED ===
[DEBUG] 2025-08-04 11:31:54 - User not found for email: shiny@integritymatters.in
[DEBUG] 2025-08-04 11:31:54 - Login failed
[DEBUG] 2025-08-04 11:31:56 - === LOGIN STARTED ===
[DEBUG] 2025-08-04 11:31:56 - User found: ID 5, Role: user, Active: 1
[DEBUG] 2025-08-04 11:32:35 - === LOGIN STARTED ===
[DEBUG] 2025-08-04 11:32:35 - User not found for email: shainy@integritymatters.in
[DEBUG] 2025-08-04 11:32:35 - Login failed
[DEBUG] 2025-08-04 11:35:17 - === LOGIN STARTED ===
[DEBUG] 2025-08-04 11:35:17 - User found: ID 5, Role: user, Active: 1
[DEBUG] 2025-08-04 11:46:43 - === LOGIN STARTED ===
[DEBUG] 2025-08-04 11:46:43 - User not found for email: akshay.rane@integritymatters.in
[DEBUG] 2025-08-04 11:46:43 - Login failed
[DEBUG] 2025-08-04 12:52:37 - === LOGIN STARTED ===
[DEBUG] 2025-08-04 12:52:37 - User found: ID 2, Role: admin, Active: 1
[DEBUG] 2025-08-04 12:57:15 - === LOGIN STARTED ===
[DEBUG] 2025-08-04 12:57:15 - User found: ID 8, Role: user, Active: 1
[DEBUG] 2025-08-05 11:26:48 - === LOGIN STARTED ===
[DEBUG] 2025-08-05 11:26:48 - User found: ID 2, Role: admin, Active: 1
[DEBUG] 2025-08-05 11:26:54 - === LOGIN STARTED ===
[DEBUG] 2025-08-05 11:26:54 - User found: ID 7, Role: manager, Active: 1
[DEBUG] 2025-08-05 11:29:40 - === LOGIN STARTED ===
[DEBUG] 2025-08-05 11:29:40 - User found: ID 8, Role: user, Active: 1
[DEBUG] 2025-08-05 12:29:04 - === LOGIN STARTED ===
[DEBUG] 2025-08-05 12:29:04 - User found: ID 12, Role: user, Active: 1
[DEBUG] 2025-08-05 12:31:10 - === LOGIN STARTED ===
[DEBUG] 2025-08-05 12:31:10 - User found: ID 10, Role: user, Active: 1
[DEBUG] 2025-08-06 03:26:40 - === LOGIN STARTED ===
[DEBUG] 2025-08-06 03:26:40 - User not found for email: akshay.rane@integritymatters.in
[DEBUG] 2025-08-06 03:26:40 - Login failed
[DEBUG] 2025-08-06 03:27:02 - === LOGIN STARTED ===
[DEBUG] 2025-08-06 03:27:02 - User not found for email: akshay.rane@integritymatters.in
[DEBUG] 2025-08-06 03:27:02 - Login failed
[DEBUG] 2025-08-06 05:51:01 - === LOGIN STARTED ===
[DEBUG] 2025-08-06 05:51:01 - User found: ID 9, Role: manager, Active: 1
[DEBUG] 2025-08-06 06:42:32 - === LOGIN STARTED ===
[DEBUG] 2025-08-06 06:42:32 - User found: ID 2, Role: admin, Active: 1
[DEBUG] 2025-08-06 07:51:25 - === LOGIN STARTED ===
[DEBUG] 2025-08-06 07:51:25 - User found: ID 2, Role: admin, Active: 1
[DEBUG] 2025-08-06 08:54:45 - === LOGIN STARTED ===
[DEBUG] 2025-08-06 08:54:45 - User not found for email: akshay.rane@integritymatters.in
[DEBUG] 2025-08-06 08:54:45 - Login failed
[DEBUG] 2025-08-06 08:55:18 - === LOGIN STARTED ===
[DEBUG] 2025-08-06 08:55:18 - User not found for email: akshay.rane@integritymatters.in
[DEBUG] 2025-08-06 08:55:18 - Login failed
[DEBUG] 2025-08-06 09:39:22 - === LOGIN STARTED ===
[DEBUG] 2025-08-06 09:39:22 - User found: ID 9, Role: manager, Active: 1
[DEBUG] 2025-08-06 09:39:22 - Invalid password
[DEBUG] 2025-08-06 09:39:22 - Login failed
[DEBUG] 2025-08-06 09:39:30 - === LOGIN STARTED ===
[DEBUG] 2025-08-06 09:39:30 - User found: ID 9, Role: manager, Active: 1
[DEBUG] 2025-08-06 09:39:30 - Invalid password
[DEBUG] 2025-08-06 09:39:30 - Login failed
[DEBUG] 2025-08-06 09:39:43 - === LOGIN STARTED ===
[DEBUG] 2025-08-06 09:39:43 - User found: ID 9, Role: manager, Active: 1
[DEBUG] 2025-08-06 09:39:44 - Invalid password
[DEBUG] 2025-08-06 09:39:44 - Login failed
[DEBUG] 2025-08-06 09:40:03 - === LOGIN STARTED ===
[DEBUG] 2025-08-06 09:40:03 - User found: ID 9, Role: manager, Active: 1
[DEBUG] 2025-08-06 09:40:03 - Invalid password
[DEBUG] 2025-08-06 09:40:03 - Login failed
[DEBUG] 2025-08-06 09:40:28 - === LOGIN STARTED ===
[DEBUG] 2025-08-06 09:40:28 - User found: ID 9, Role: manager, Active: 1
[DEBUG] 2025-08-06 09:40:28 - Invalid password
[DEBUG] 2025-08-06 09:40:28 - Login failed
[DEBUG] 2025-08-06 09:41:10 - === LOGIN STARTED ===
[DEBUG] 2025-08-06 09:41:10 - User found: ID 10, Role: user, Active: 1
[DEBUG] 2025-08-06 09:41:24 - === LOGIN STARTED ===
[DEBUG] 2025-08-06 09:41:24 - User found: ID 9, Role: manager, Active: 1
[DEBUG] 2025-08-06 09:41:24 - Invalid password
[DEBUG] 2025-08-06 09:41:24 - Login failed
[DEBUG] 2025-08-06 09:41:45 - === LOGIN STARTED ===
[DEBUG] 2025-08-06 09:41:45 - User found: ID 9, Role: manager, Active: 1
[DEBUG] 2025-08-06 09:41:45 - Invalid password
[DEBUG] 2025-08-06 09:41:45 - Login failed
[DEBUG] 2025-08-06 09:42:06 - === LOGIN STARTED ===
[DEBUG] 2025-08-06 09:42:07 - User found: ID 9, Role: manager, Active: 1
[DEBUG] 2025-08-06 09:42:07 - Invalid password
[DEBUG] 2025-08-06 09:42:07 - Login failed
[DEBUG] 2025-08-06 09:45:42 - === LOGIN STARTED ===
[DEBUG] 2025-08-06 09:45:42 - User found: ID 9, Role: manager, Active: 1
[DEBUG] 2025-08-06 09:45:42 - Invalid password
[DEBUG] 2025-08-06 09:45:42 - Login failed
[DEBUG] 2025-08-06 09:46:06 - === LOGIN STARTED ===
[DEBUG] 2025-08-06 09:46:06 - User found: ID 9, Role: manager, Active: 1
[DEBUG] 2025-08-06 09:57:51 - === LOGIN STARTED ===
[DEBUG] 2025-08-06 09:57:51 - User found: ID 10, Role: user, Active: 1
[DEBUG] 2025-08-06 13:12:29 - === LOGIN STARTED ===
[DEBUG] 2025-08-06 13:12:29 - User found: ID 2, Role: admin, Active: 1
[DEBUG] 2025-08-07 05:03:26 - === LOGIN STARTED ===
[DEBUG] 2025-08-07 05:03:26 - User found: ID 10, Role: user, Active: 1
[DEBUG] 2025-08-07 05:28:58 - === LOGIN STARTED ===
[DEBUG] 2025-08-07 05:28:58 - User found: ID 2, Role: admin, Active: 1
[DEBUG] 2025-08-07 09:42:19 - === LOGIN STARTED ===
[DEBUG] 2025-08-07 09:42:19 - User found: ID 2, Role: admin, Active: 1
[DEBUG] 2025-08-07 12:50:07 - === LOGIN STARTED ===
[DEBUG] 2025-08-07 12:50:07 - User found: ID 2, Role: admin, Active: 1
[DEBUG] 2025-08-07 18:32:20 - === LOGIN STARTED ===
[DEBUG] 2025-08-07 18:32:20 - User found: ID 14, Role: user, Active: 1
[DEBUG] 2025-08-08 04:35:24 - === LOGIN STARTED ===
[DEBUG] 2025-08-08 04:35:24 - User found: ID 16, Role: manager, Active: 1
[DEBUG] 2025-08-08 04:36:33 - === LOGIN STARTED ===
[DEBUG] 2025-08-08 04:36:33 - User not found for email: your@email.com
[DEBUG] 2025-08-08 04:36:33 - Login failed
[DEBUG] 2025-08-08 04:36:53 - === LOGIN STARTED ===
[DEBUG] 2025-08-08 04:36:53 - User not found for email: your@email.com
[DEBUG] 2025-08-08 04:36:53 - Login failed
[DEBUG] 2025-08-08 04:37:23 - === LOGIN STARTED ===
[DEBUG] 2025-08-08 04:37:23 - User found: ID 15, Role: user, Active: 1
[DEBUG] 2025-08-10 17:57:48 - === LOGIN STARTED ===
[DEBUG] 2025-08-10 17:57:48 - User not found for email: jyothirekha@integritymatters.in
[DEBUG] 2025-08-10 17:57:48 - Login failed
[DEBUG] 2025-08-10 17:58:16 - === LOGIN STARTED ===
[DEBUG] 2025-08-10 17:58:16 - User found: ID 17, Role: user, Active: 1
[DEBUG] 2025-08-11 05:01:10 - === LOGIN STARTED ===
[DEBUG] 2025-08-11 05:01:10 - User found: ID 11, Role: manager, Active: 1
[DEBUG] 2025-08-11 05:32:33 - === LOGIN STARTED ===
[DEBUG] 2025-08-11 05:32:33 - User found: ID 2, Role: admin, Active: 1
[DEBUG] 2025-08-11 05:37:59 - === LOGIN STARTED ===
[DEBUG] 2025-08-11 05:37:59 - User found: ID 13, Role: user, Active: 1
[DEBUG] 2025-08-12 12:27:17 - === LOGIN STARTED ===
[DEBUG] 2025-08-12 12:27:17 - User found: ID 15, Role: user, Active: 1
[DEBUG] 2025-08-13 08:13:18 - === LOGIN STARTED ===
[DEBUG] 2025-08-13 08:13:18 - User found: ID 9, Role: manager, Active: 1
[DEBUG] 2025-08-13 08:13:18 - Invalid password
[DEBUG] 2025-08-13 08:13:18 - Login failed
[DEBUG] 2025-08-13 08:13:24 - === LOGIN STARTED ===
[DEBUG] 2025-08-13 08:13:24 - User found: ID 9, Role: manager, Active: 1
[DEBUG] 2025-08-13 08:13:24 - Invalid password
[DEBUG] 2025-08-13 08:13:24 - Login failed
[DEBUG] 2025-08-13 08:13:33 - === LOGIN STARTED ===
[DEBUG] 2025-08-13 08:13:33 - User found: ID 9, Role: manager, Active: 1
[DEBUG] 2025-08-13 08:13:33 - Invalid password
[DEBUG] 2025-08-13 08:13:33 - Login failed
[DEBUG] 2025-08-13 08:13:39 - === LOGIN STARTED ===
[DEBUG] 2025-08-13 08:13:39 - User found: ID 9, Role: manager, Active: 1
[DEBUG] 2025-08-14 04:39:43 - === LOGIN STARTED ===
[DEBUG] 2025-08-14 04:39:43 - User found: ID 5, Role: user, Active: 1
[DEBUG] 2025-08-14 05:21:49 - === LOGIN STARTED ===
[DEBUG] 2025-08-14 05:21:49 - User found: ID 2, Role: admin, Active: 1
[DEBUG] 2025-08-14 05:55:37 - === LOGIN STARTED ===
[DEBUG] 2025-08-14 05:55:37 - User found: ID 9, Role: manager, Active: 1
[DEBUG] 2025-08-18 04:19:14 - === LOGIN STARTED ===
[DEBUG] 2025-08-18 04:19:14 - User found: ID 15, Role: user, Active: 1
[DEBUG] 2025-08-18 05:28:00 - === LOGIN STARTED ===
[DEBUG] 2025-08-18 05:28:00 - User found: ID 11, Role: manager, Active: 1
[DEBUG] 2025-08-18 05:28:00 - Invalid password
[DEBUG] 2025-08-18 05:28:00 - Login failed
[DEBUG] 2025-08-18 05:28:33 - === LOGIN STARTED ===
[DEBUG] 2025-08-18 05:28:33 - User found: ID 11, Role: manager, Active: 1
[DEBUG] 2025-08-18 05:28:33 - Invalid password
[DEBUG] 2025-08-18 05:28:33 - Login failed
[DEBUG] 2025-08-18 05:28:42 - === LOGIN STARTED ===
[DEBUG] 2025-08-18 05:28:42 - User found: ID 11, Role: manager, Active: 1
[DEBUG] 2025-08-18 05:28:42 - Invalid password
[DEBUG] 2025-08-18 05:28:42 - Login failed
[DEBUG] 2025-08-18 05:29:02 - === LOGIN STARTED ===
[DEBUG] 2025-08-18 05:29:02 - User found: ID 11, Role: manager, Active: 1
[DEBUG] 2025-08-18 05:29:02 - Invalid password
[DEBUG] 2025-08-18 05:29:02 - Login failed
[DEBUG] 2025-08-18 05:29:45 - === LOGIN STARTED ===
[DEBUG] 2025-08-18 05:29:45 - User found: ID 11, Role: manager, Active: 1
[DEBUG] 2025-08-18 05:29:45 - Invalid password
[DEBUG] 2025-08-18 05:29:45 - Login failed
[DEBUG] 2025-08-18 05:29:52 - === LOGIN STARTED ===
[DEBUG] 2025-08-18 05:29:52 - User found: ID 11, Role: manager, Active: 1
[DEBUG] 2025-08-18 05:29:52 - Invalid password
[DEBUG] 2025-08-18 05:29:52 - Login failed
[DEBUG] 2025-08-18 07:23:17 - === LOGIN STARTED ===
[DEBUG] 2025-08-18 07:23:17 - User found: ID 15, Role: user, Active: 1
[DEBUG] 2025-08-18 09:24:40 - === LOGIN STARTED ===
[DEBUG] 2025-08-18 09:24:40 - User found: ID 16, Role: manager, Active: 1
[DEBUG] 2025-08-18 11:44:23 - === LOGIN STARTED ===
[DEBUG] 2025-08-18 11:44:23 - User found: ID 2, Role: admin, Active: 1
[DEBUG] 2025-08-20 10:05:06 - === LOGIN STARTED ===
[DEBUG] 2025-08-20 10:05:06 - User found: ID 16, Role: manager, Active: 1
[DEBUG] 2025-08-20 10:06:04 - === LOGIN STARTED ===
[DEBUG] 2025-08-20 10:06:04 - User found: ID 2, Role: admin, Active: 1
[DEBUG] 2025-08-21 05:03:55 - === LOGIN STARTED ===
[DEBUG] 2025-08-21 05:03:55 - User found: ID 5, Role: user, Active: 1
[DEBUG] 2025-08-21 07:56:22 - === LOGIN STARTED ===
[DEBUG] 2025-08-21 07:56:22 - User found: ID 9, Role: manager, Active: 1
[DEBUG] 2025-08-21 07:56:22 - Invalid password
[DEBUG] 2025-08-21 07:56:22 - Login failed
[DEBUG] 2025-08-21 07:56:41 - === LOGIN STARTED ===
[DEBUG] 2025-08-21 07:56:41 - User found: ID 9, Role: manager, Active: 1
[DEBUG] 2025-08-21 08:12:13 - === LOGIN STARTED ===
[DEBUG] 2025-08-21 08:12:13 - User found: ID 13, Role: user, Active: 1
[DEBUG] 2025-08-21 09:14:08 - === LOGIN STARTED ===
[DEBUG] 2025-08-21 09:14:08 - User found: ID 2, Role: admin, Active: 1
[DEBUG] 2025-08-22 08:49:23 - === LOGIN STARTED ===
[DEBUG] 2025-08-22 08:49:23 - User found: ID 2, Role: admin, Active: 1
[DEBUG] 2025-08-22 09:26:59 - === LOGIN STARTED ===
[DEBUG] 2025-08-22 09:26:59 - User found: ID 6, Role: user, Active: 1
[DEBUG] 2025-08-22 09:27:32 - === LOGIN STARTED ===
[DEBUG] 2025-08-22 09:27:32 - User found: ID 8, Role: user, Active: 1
[DEBUG] 2025-08-22 09:29:28 - === LOGIN STARTED ===
[DEBUG] 2025-08-22 09:29:28 - User found: ID 12, Role: user, Active: 1
[DEBUG] 2025-08-25 06:36:28 - === LOGIN STARTED ===
[DEBUG] 2025-08-25 06:36:28 - User found: ID 1, Role: admin, Active: 1
[DEBUG] 2025-08-25 07:27:06 - === LOGIN STARTED ===
[DEBUG] 2025-08-25 07:27:06 - User found: ID 1, Role: admin, Active: 1
[DEBUG] 2025-08-25 07:27:06 - Invalid password
[DEBUG] 2025-08-25 07:27:06 - Login failed
[DEBUG] 2025-08-25 07:27:17 - === LOGIN STARTED ===
[DEBUG] 2025-08-25 07:27:17 - User found: ID 1, Role: admin, Active: 1
[DEBUG] 2025-08-25 07:27:27 - === LOGIN STARTED ===
[DEBUG] 2025-08-25 07:27:27 - User found: ID 1, Role: admin, Active: 1
[DEBUG] 2025-08-25 07:27:45 - === LOGIN STARTED ===
[DEBUG] 2025-08-25 07:27:45 - User found: ID 1, Role: admin, Active: 1
[DEBUG] 2025-08-25 07:27:45 - Invalid password
[DEBUG] 2025-08-25 07:27:45 - Login failed
[DEBUG] 2025-08-25 09:46:28 - === LOGIN STARTED ===
[DEBUG] 2025-08-25 09:46:28 - User found: ID 1, Role: admin, Active: 1
[DEBUG] 2025-08-25 09:46:28 - Invalid password
[DEBUG] 2025-08-25 09:46:28 - Login failed
[DEBUG] 2025-08-25 09:46:39 - === LOGIN STARTED ===
[DEBUG] 2025-08-25 09:46:39 - User found: ID 1, Role: admin, Active: 1
[DEBUG] 2025-08-25 09:46:50 - === LOGIN STARTED ===
[DEBUG] 2025-08-25 09:46:50 - User found: ID 1, Role: admin, Active: 1
[DEBUG] 2025-08-25 09:46:50 - Invalid password
[DEBUG] 2025-08-25 09:46:50 - Login failed
[DEBUG] 2025-08-25 09:47:02 - === LOGIN STARTED ===
[DEBUG] 2025-08-25 09:47:02 - User found: ID 1, Role: admin, Active: 1
[DEBUG] 2025-08-25 09:47:30 - === LOGIN STARTED ===
[DEBUG] 2025-08-25 09:47:30 - User found: ID 1, Role: admin, Active: 1
[DEBUG] 2025-08-25 09:47:30 - Invalid password
[DEBUG] 2025-08-25 09:47:30 - Login failed
[DEBUG] 2025-08-25 09:47:39 - === LOGIN STARTED ===
[DEBUG] 2025-08-25 09:47:39 - User found: ID 1, Role: admin, Active: 1
[DEBUG] 2025-08-25 09:48:20 - === LOGIN STARTED ===
[DEBUG] 2025-08-25 09:48:20 - User found: ID 1, Role: admin, Active: 1
[DEBUG] 2025-08-25 09:48:20 - Invalid password
[DEBUG] 2025-08-25 09:48:20 - Login failed
[DEBUG] 2025-08-25 09:48:28 - === LOGIN STARTED ===
[DEBUG] 2025-08-25 09:48:28 - User found: ID 1, Role: admin, Active: 1
[DEBUG] 2025-08-25 09:48:48 - === LOGIN STARTED ===
[DEBUG] 2025-08-25 09:48:48 - User found: ID 1, Role: admin, Active: 1
[DEBUG] 2025-08-25 09:48:48 - Invalid password
[DEBUG] 2025-08-25 09:48:48 - Login failed
[DEBUG] 2025-08-25 09:50:47 - === LOGIN STARTED ===
[DEBUG] 2025-08-25 09:50:47 - User found: ID 1, Role: admin, Active: 1
[DEBUG] 2025-08-25 09:52:14 - === LOGIN STARTED ===
[DEBUG] 2025-08-25 09:52:14 - User found: ID 1, Role: admin, Active: 1
[DEBUG] 2025-08-25 09:53:24 - === LOGIN STARTED ===
[DEBUG] 2025-08-25 09:53:24 - User found: ID 1, Role: admin, Active: 1
[DEBUG] 2025-08-25 09:53:56 - === LOGIN STARTED ===
[DEBUG] 2025-08-25 09:53:56 - User found: ID 1, Role: admin, Active: 1
[DEBUG] 2025-08-25 09:55:20 - === LOGIN STARTED ===
[DEBUG] 2025-08-25 09:55:20 - User found: ID 1, Role: admin, Active: 1
[DEBUG] 2025-08-25 10:03:25 - === LOGIN STARTED ===
[DEBUG] 2025-08-25 10:03:25 - User found: ID 1, Role: admin, Active: 1
[DEBUG] 2025-08-25 10:03:36 - === LOGIN STARTED ===
[DEBUG] 2025-08-25 10:03:36 - User found: ID 1, Role: admin, Active: 1
[DEBUG] 2025-08-25 10:04:05 - === LOGIN STARTED ===
[DEBUG] 2025-08-25 10:04:05 - User found: ID 1, Role: admin, Active: 1
[DEBUG] 2025-08-25 10:05:45 - === LOGIN STARTED ===
[DEBUG] 2025-08-25 10:05:45 - User found: ID 1, Role: admin, Active: 1
[DEBUG] 2025-08-25 10:05:45 - Redirecting user with role: admin
[DEBUG] 2025-08-25 10:13:47 - === LOGIN STARTED ===
[DEBUG] 2025-08-25 10:13:47 - User found: ID 1, Role: admin, Active: 1
[DEBUG] 2025-08-25 10:13:47 - Redirecting user with role: admin
[DEBUG] 2025-08-25 10:42:37 - === LOGIN STARTED ===
[DEBUG] 2025-08-25 10:42:37 - User found: ID 2, Role: sr.manager, Active: 1
[DEBUG] 2025-08-25 10:48:31 - === LOGIN STARTED ===
[DEBUG] 2025-08-25 10:48:31 - User found: ID 2, Role: sr_manager, Active: 1
[DEBUG] 2025-08-25 10:48:31 - Invalid password
[DEBUG] 2025-08-25 10:48:31 - Login failed
[DEBUG] 2025-08-25 10:48:37 - === LOGIN STARTED ===
[DEBUG] 2025-08-25 10:48:37 - User found: ID 2, Role: sr_manager, Active: 1
[DEBUG] 2025-08-25 10:48:37 - Redirecting user with role: sr_manager
[DEBUG] 2025-08-25 11:07:19 - === LOGIN STARTED ===
[DEBUG] 2025-08-25 11:07:19 - User found: ID 1, Role: admin, Active: 1
[DEBUG] 2025-08-25 11:07:19 - Redirecting user with role: admin
[DEBUG] 2025-09-05 14:04:19 - === LOGIN STARTED ===
[DEBUG] 2025-09-05 14:04:19 - User not found for email: nithyanand@integritymatters.in
[DEBUG] 2025-09-05 14:04:19 - Login failed
[DEBUG] 2025-09-05 14:04:25 - === LOGIN STARTED ===
[DEBUG] 2025-09-05 14:04:25 - User not found for email: nithyanand@integritymatters.in
[DEBUG] 2025-09-05 14:04:25 - Login failed
[DEBUG] 2025-09-05 14:04:44 - === LOGIN STARTED ===
[DEBUG] 2025-09-05 14:04:44 - User not found for email: shreeghodke123@gmail.com
[DEBUG] 2025-09-05 14:04:44 - Login failed
[DEBUG] 2025-09-05 14:04:50 - === LOGIN STARTED ===
[DEBUG] 2025-09-05 14:04:50 - User not found for email: shreeghodke123@gmail.com
[DEBUG] 2025-09-05 14:04:50 - Login failed
[DEBUG] 2025-09-05 14:05:05 - === LOGIN STARTED ===
[DEBUG] 2025-09-05 14:05:05 - User not found for email: nithyanand@integritymatters.in
[DEBUG] 2025-09-05 14:05:05 - Login failed
[DEBUG] 2025-09-05 14:06:29 - === LOGIN STARTED ===
[DEBUG] 2025-09-05 14:06:29 - User not found for email: nithyanandnadar.m@gmail.com
[DEBUG] 2025-09-05 14:06:29 - Login failed
[DEBUG] 2025-09-10 12:49:22 - === LOGIN STARTED ===
[DEBUG] 2025-09-10 12:49:22 - User found: ID 1, Role: admin, Active: 1
[DEBUG] 2025-09-10 12:49:22 - Redirecting user with role: admin
[DEBUG] 2025-09-12 06:22:59 - === LOGIN STARTED ===
[DEBUG] 2025-09-12 06:22:59 - User found: ID 1, Role: admin, Active: 1
[DEBUG] 2025-09-12 06:22:59 - Invalid password
[DEBUG] 2025-09-12 06:22:59 - Login failed
[DEBUG] 2025-09-12 06:23:06 - === LOGIN STARTED ===
[DEBUG] 2025-09-12 06:23:06 - User found: ID 1, Role: admin, Active: 1
[DEBUG] 2025-09-12 06:23:06 - Redirecting user with role: admin
[DEBUG] 2025-09-12 06:24:36 - === LOGIN STARTED ===
[DEBUG] 2025-09-12 06:24:36 - User found: ID 1, Role: admin, Active: 1
[DEBUG] 2025-09-12 06:24:36 - Redirecting user with role: admin
[DEBUG] 2025-09-12 06:29:11 - === LOGIN STARTED ===
[DEBUG] 2025-09-12 06:29:11 - User found: ID 1, Role: admin, Active: 1
[DEBUG] 2025-09-12 06:29:11 - Including monthly_leave_credit.php for user ID: 1
[12-Sep-2025 06:29:11 UTC] PHP Notice:  session_start(): Ignoring session_start() because a session is already active (started from /home1/pashupra/sajiviniai.webpagetrading.in/login_handler.php on line 3) in /home1/pashupra/sajiviniai.webpagetrading.in/monthly_leave_credit.php on line 18
[12-Sep-2025 06:29:11 UTC] PHP Fatal error:  Uncaught Error: mysqli_stmt object is already closed in /home1/pashupra/sajiviniai.webpagetrading.in/login_handler.php:70
Stack trace:
#0 /home1/pashupra/sajiviniai.webpagetrading.in/login_handler.php(70): mysqli_stmt->close()
#1 {main}
  thrown in /home1/pashupra/sajiviniai.webpagetrading.in/login_handler.php on line 70
[DEBUG] 2025-09-12 06:29:58 - === LOGIN STARTED ===
[DEBUG] 2025-09-12 06:29:58 - Invalid request method
[DEBUG] 2025-09-12 06:30:06 - === LOGIN STARTED ===
[DEBUG] 2025-09-12 06:30:06 - User found: ID 1, Role: admin, Active: 1
[DEBUG] 2025-09-12 06:30:06 - Including monthly_leave_credit.php for user ID: 1
[12-Sep-2025 06:30:06 UTC] PHP Notice:  session_start(): Ignoring session_start() because a session is already active (started from /home1/pashupra/sajiviniai.webpagetrading.in/login_handler.php on line 3) in /home1/pashupra/sajiviniai.webpagetrading.in/monthly_leave_credit.php on line 18
[12-Sep-2025 06:30:06 UTC] PHP Fatal error:  Uncaught Error: mysqli_stmt object is already closed in /home1/pashupra/sajiviniai.webpagetrading.in/login_handler.php:71
Stack trace:
#0 /home1/pashupra/sajiviniai.webpagetrading.in/login_handler.php(71): mysqli_stmt->close()
#1 {main}
  thrown in /home1/pashupra/sajiviniai.webpagetrading.in/login_handler.php on line 71
[DEBUG] 2025-09-12 06:30:24 - === LOGIN STARTED ===
[DEBUG] 2025-09-12 06:30:24 - Invalid request method
[DEBUG] 2025-09-12 06:30:31 - === LOGIN STARTED ===
[DEBUG] 2025-09-12 06:30:31 - User found: ID 1, Role: admin, Active: 1
[DEBUG] 2025-09-12 06:30:31 - Including monthly_leave_credit.php for user ID: 1
[12-Sep-2025 06:30:31 UTC] PHP Fatal error:  Uncaught Error: mysqli_stmt object is already closed in /home1/pashupra/sajiviniai.webpagetrading.in/monthly_leave_credit.php:60
Stack trace:
#0 /home1/pashupra/sajiviniai.webpagetrading.in/monthly_leave_credit.php(60): mysqli_stmt->close()
#1 /home1/pashupra/sajiviniai.webpagetrading.in/login_handler.php(68): include_once('/home1/pashupra...')
#2 {main}
  thrown in /home1/pashupra/sajiviniai.webpagetrading.in/monthly_leave_credit.php on line 60
[DEBUG] 2025-09-12 06:32:57 - === LOGIN STARTED ===
[DEBUG] 2025-09-12 06:32:57 - Invalid request method
[DEBUG] 2025-09-12 06:33:03 - === LOGIN STARTED ===
[DEBUG] 2025-09-12 06:33:03 - User found: ID 1, Role: admin, Active: 1
[DEBUG] 2025-09-12 06:33:03 - Including monthly_leave_credit.php for user ID: 1
[12-Sep-2025 06:33:03 UTC] PHP Fatal error:  Uncaught Error: mysqli_stmt object is already closed in /home1/pashupra/sajiviniai.webpagetrading.in/login_handler.php:71
Stack trace:
#0 /home1/pashupra/sajiviniai.webpagetrading.in/login_handler.php(71): mysqli_stmt->close()
#1 {main}
  thrown in /home1/pashupra/sajiviniai.webpagetrading.in/login_handler.php on line 71
[DEBUG] 2025-09-12 06:33:56 - === LOGIN STARTED ===
[DEBUG] 2025-09-12 06:33:56 - Invalid request method
[DEBUG] 2025-09-12 06:34:57 - === LOGIN STARTED ===
[DEBUG] 2025-09-12 06:34:57 - User found: ID 1, Role: admin, Active: 1
[DEBUG] 2025-09-12 06:34:57 - Including monthly_leave_credit.php for user ID: 1
[12-Sep-2025 06:34:57 UTC] PHP Fatal error:  Uncaught Error: mysqli_stmt object is already closed in /home1/pashupra/sajiviniai.webpagetrading.in/login_handler.php:71
Stack trace:
#0 /home1/pashupra/sajiviniai.webpagetrading.in/login_handler.php(71): mysqli_stmt->close()
#1 {main}
  thrown in /home1/pashupra/sajiviniai.webpagetrading.in/login_handler.php on line 71
[DEBUG] 2025-09-12 06:35:47 - === LOGIN STARTED ===
[DEBUG] 2025-09-12 06:35:47 - Invalid request method
[DEBUG] 2025-09-12 06:35:53 - === LOGIN STARTED ===
[DEBUG] 2025-09-12 06:35:53 - Prepared statement for user lookup
[DEBUG] 2025-09-12 06:35:53 - User found: ID 1, Role: admin, Active: 1
[DEBUG] 2025-09-12 06:35:53 - Password verified, including monthly_leave_credit.php for user ID: 1
[12-Sep-2025 06:35:53 UTC] PHP Fatal error:  Uncaught Error: Property access is not allowed yet in /home1/pashupra/sajiviniai.webpagetrading.in/login_handler.php:71
Stack trace:
#0 {main}
  thrown in /home1/pashupra/sajiviniai.webpagetrading.in/login_handler.php on line 71
[DEBUG] 2025-09-12 06:39:48 - === LOGIN STARTED ===
[DEBUG] 2025-09-12 06:39:48 - Invalid request method
[DEBUG] 2025-09-12 06:39:55 - === LOGIN STARTED ===
[DEBUG] 2025-09-12 06:39:55 - Prepared statement for user lookup
[DEBUG] 2025-09-12 06:39:55 - User found: ID 1, Role: admin, Active: 1
[DEBUG] 2025-09-12 06:39:55 - Password verified, including monthly_leave_credit.php for user ID: 1
[DEBUG] 2025-09-12 06:39:55 - Returned from monthly_leave_credit.php, statement still open: yes
[DEBUG] 2025-09-12 06:39:55 - Closed statement after successful login
[12-Sep-2025 06:39:55 UTC] PHP Warning:  Undefined array key "first_login" in /home1/pashupra/sajiviniai.webpagetrading.in/login_handler.php on line 81
[12-Sep-2025 06:39:55 UTC] PHP Warning:  Undefined array key "role" in /home1/pashupra/sajiviniai.webpagetrading.in/login_handler.php on line 87
[12-Sep-2025 06:39:55 UTC] PHP Deprecated:  strtolower(): Passing null to parameter #1 ($string) of type string is deprecated in /home1/pashupra/sajiviniai.webpagetrading.in/login_handler.php on line 87
[DEBUG] 2025-09-12 06:39:55 - Redirecting user with role: 
[12-Sep-2025 06:39:55 UTC] PHP Warning:  Undefined array key "role" in /home1/pashupra/sajiviniai.webpagetrading.in/login_handler.php on line 90
[12-Sep-2025 06:39:55 UTC] PHP Deprecated:  strtolower(): Passing null to parameter #1 ($string) of type string is deprecated in /home1/pashupra/sajiviniai.webpagetrading.in/login_handler.php on line 90
[12-Sep-2025 06:39:55 UTC] PHP Warning:  Cannot modify header information - headers already sent by (output started at /home1/pashupra/sajiviniai.webpagetrading.in/login_handler.php:81) in /home1/pashupra/sajiviniai.webpagetrading.in/login_handler.php on line 104
[DEBUG] 2025-09-12 06:48:43 - === LOGIN STARTED ===
[DEBUG] 2025-09-12 06:48:43 - Invalid request method
[DEBUG] 2025-09-12 06:48:52 - === LOGIN STARTED ===
[DEBUG] 2025-09-12 06:48:52 - Prepared statement for user lookup
[DEBUG] 2025-09-12 06:48:52 - User found: ID 1, Active: 1
[DEBUG] 2025-09-12 06:48:52 - Password verified, crediting leaves for user ID: 1
[DEBUG] 2025-09-12 06:48:52 - Leave credit function completed
[DEBUG] 2025-09-12 06:48:52 - Closed statement after successful login
[DEBUG] 2025-09-12 06:48:52 - Redirecting user with role: admin
[DEBUG] 2025-09-12 06:49:07 - === LOGIN STARTED ===
[DEBUG] 2025-09-12 06:49:07 - Prepared statement for user lookup
[DEBUG] 2025-09-12 06:49:07 - User found: ID 1, Active: 1
[DEBUG] 2025-09-12 06:49:07 - Password verified, crediting leaves for user ID: 1
[DEBUG] 2025-09-12 06:49:07 - Leave credit function completed
[DEBUG] 2025-09-12 06:49:07 - Closed statement after successful login
[DEBUG] 2025-09-12 06:49:07 - Redirecting user with role: admin
[DEBUG] 2025-09-12 06:49:43 - === LOGIN STARTED ===
[DEBUG] 2025-09-12 06:49:43 - Prepared statement for user lookup
[DEBUG] 2025-09-12 06:49:43 - User found: ID 4, Active: 1
[DEBUG] 2025-09-12 06:49:43 - Password verified, crediting leaves for user ID: 4
[DEBUG] 2025-09-12 06:49:43 - Leave credit function completed
[DEBUG] 2025-09-12 06:49:43 - Closed statement after successful login
[DEBUG] 2025-09-12 06:49:43 - Redirecting to change_password.php for first login
[DEBUG] 2025-09-12 06:50:25 - === LOGIN STARTED ===
[DEBUG] 2025-09-12 06:50:25 - Prepared statement for user lookup
[DEBUG] 2025-09-12 06:50:25 - User found: ID 6, Active: 1
[DEBUG] 2025-09-12 06:50:25 - Password verified, crediting leaves for user ID: 6
[DEBUG] 2025-09-12 06:50:25 - Leave credit function completed
[DEBUG] 2025-09-12 06:50:25 - Closed statement after successful login
[DEBUG] 2025-09-12 06:50:25 - Redirecting to change_password.php for first login
[DEBUG] 2025-09-12 06:50:47 - === LOGIN STARTED ===
[DEBUG] 2025-09-12 06:50:47 - Prepared statement for user lookup
[DEBUG] 2025-09-12 06:50:47 - User found: ID 6, Active: 1
[DEBUG] 2025-09-12 06:50:47 - Password verified, crediting leaves for user ID: 6
[DEBUG] 2025-09-12 06:50:47 - Leave credit function completed
[DEBUG] 2025-09-12 06:50:47 - Closed statement after successful login
[DEBUG] 2025-09-12 06:50:47 - Redirecting user with role: manager
[DEBUG] 2025-09-12 07:18:46 - === LOGIN STARTED ===
[DEBUG] 2025-09-12 07:18:46 - Prepared statement for user lookup
[DEBUG] 2025-09-12 07:18:46 - User found: ID 6, Active: 1
[DEBUG] 2025-09-12 07:18:46 - Password verified, crediting leaves for user ID: 6
[DEBUG] 2025-09-12 07:18:46 - Leave credit function completed
[DEBUG] 2025-09-12 07:18:46 - Closed statement after successful login
[DEBUG] 2025-09-12 07:18:46 - Redirecting user with role: manager
[DEBUG] 2025-09-12 07:18:56 - === LOGIN STARTED ===
[DEBUG] 2025-09-12 07:18:56 - Prepared statement for user lookup
[DEBUG] 2025-09-12 07:18:56 - User found: ID 6, Active: 1
[DEBUG] 2025-09-12 07:18:56 - Password verified, crediting leaves for user ID: 6
[DEBUG] 2025-09-12 07:18:56 - Leave credit function completed
[DEBUG] 2025-09-12 07:18:56 - Closed statement after successful login
[DEBUG] 2025-09-12 07:18:56 - Redirecting user with role: manager
[DEBUG] 2025-09-12 07:24:04 - === LOGIN STARTED ===
[DEBUG] 2025-09-12 07:24:04 - User found: ID 6, Role: manager, Active: 1
[DEBUG] 2025-09-12 07:24:04 - Redirecting user with role: manager
[DEBUG] 2025-09-12 09:47:16 - === LOGIN STARTED ===
[DEBUG] 2025-09-12 09:47:16 - User found: ID 6, Role: manager, Active: 1
[DEBUG] 2025-09-12 09:47:16 - Redirecting user with role: manager
[DEBUG] 2025-09-24 11:15:39 - === LOGIN STARTED ===
[DEBUG] 2025-09-24 11:15:39 - User found: ID 1, Role: admin, Active: 1
[DEBUG] 2025-09-24 11:15:39 - Invalid password
[DEBUG] 2025-09-24 11:15:39 - Login failed
[DEBUG] 2025-09-24 11:15:48 - === LOGIN STARTED ===
[DEBUG] 2025-09-24 11:15:48 - User found: ID 1, Role: admin, Active: 1
[DEBUG] 2025-09-24 11:15:48 - Redirecting user with role: admin
[DEBUG] 2025-09-24 12:26:53 - === LOGIN STARTED ===
[DEBUG] 2025-09-24 12:26:53 - User found: ID 1, Role: admin, Active: 1
[DEBUG] 2025-09-24 12:26:53 - Invalid password
[DEBUG] 2025-09-24 12:26:53 - Login failed
[DEBUG] 2025-09-24 12:27:00 - === LOGIN STARTED ===
[DEBUG] 2025-09-24 12:27:00 - User found: ID 1, Role: admin, Active: 1
[DEBUG] 2025-09-24 12:27:00 - Invalid password
[DEBUG] 2025-09-24 12:27:00 - Login failed
[DEBUG] 2025-09-24 12:27:07 - === LOGIN STARTED ===
[DEBUG] 2025-09-24 12:27:07 - User found: ID 1, Role: admin, Active: 1
[DEBUG] 2025-09-24 12:27:07 - Redirecting user with role: admin
[DEBUG] 2025-09-30 08:16:33 - === LOGIN STARTED ===
[DEBUG] 2025-09-30 08:16:33 - User found: ID 1, Role: admin, Active: 1
[DEBUG] 2025-09-30 08:16:33 - Invalid password
[DEBUG] 2025-09-30 08:16:33 - Login failed
[DEBUG] 2025-09-30 08:17:16 - === LOGIN STARTED ===
[DEBUG] 2025-09-30 08:17:16 - User found: ID 1, Role: admin, Active: 1
[DEBUG] 2025-09-30 08:17:16 - Redirecting user with role: admin
[DEBUG] 2025-09-30 11:46:52 - === LOGIN STARTED ===
[DEBUG] 2025-09-30 11:46:52 - User found: ID 1, Role: admin, Active: 1
[DEBUG] 2025-09-30 11:46:53 - Invalid password
[DEBUG] 2025-09-30 11:46:53 - Login failed
[DEBUG] 2025-09-30 11:47:01 - === LOGIN STARTED ===
[DEBUG] 2025-09-30 11:47:01 - User found: ID 1, Role: admin, Active: 1
[DEBUG] 2025-09-30 11:47:01 - Redirecting user with role: admin
[DEBUG] 2025-10-07 07:07:18 - === LOGIN STARTED ===
[DEBUG] 2025-10-07 07:07:18 - User found: ID 1, Role: admin, Active: 1
[DEBUG] 2025-10-07 07:07:18 - Invalid password
[DEBUG] 2025-10-07 07:07:18 - Login failed
[DEBUG] 2025-10-07 07:07:26 - === LOGIN STARTED ===
[DEBUG] 2025-10-07 07:07:26 - User found: ID 1, Role: admin, Active: 1
[DEBUG] 2025-10-07 07:07:26 - Redirecting user with role: admin
[DEBUG] 2025-10-07 10:25:40 - === LOGIN STARTED ===
[DEBUG] 2025-10-07 10:25:40 - Invalid request method
[DEBUG] 2025-10-07 10:25:47 - === LOGIN STARTED ===
[DEBUG] 2025-10-07 10:25:47 - User found: ID 1, Role: admin, Active: 1
[DEBUG] 2025-10-07 10:25:47 - Invalid password
[DEBUG] 2025-10-07 10:25:58 - === LOGIN STARTED ===
[DEBUG] 2025-10-07 10:25:58 - User found: ID 1, Role: admin, Active: 1
[DEBUG] 2025-10-07 10:25:58 - Redirecting user with role: admin
[DEBUG] 2025-10-07 11:18:00 - === LOGIN STARTED ===
[DEBUG] 2025-10-07 11:18:00 - User found: ID 1, Role: admin, Active: 1
[DEBUG] 2025-10-07 11:18:00 - Invalid password
[DEBUG] 2025-10-07 11:18:06 - === LOGIN STARTED ===
[DEBUG] 2025-10-07 11:18:06 - User found: ID 1, Role: admin, Active: 1
[DEBUG] 2025-10-07 11:18:06 - Invalid password
[DEBUG] 2025-10-07 11:18:15 - === LOGIN STARTED ===
[DEBUG] 2025-10-07 11:18:15 - User found: ID 1, Role: admin, Active: 1
[DEBUG] 2025-10-07 11:18:15 - Redirecting user with role: admin
[DEBUG] 2025-10-09 14:26:34 - === LOGIN STARTED ===
[DEBUG] 2025-10-09 14:26:34 - Invalid request method
[DEBUG] 2025-10-17 06:52:21 - === LOGIN STARTED ===
[DEBUG] 2025-10-17 06:52:21 - User found: ID 1, Role: admin, Active: 1
[DEBUG] 2025-10-17 06:52:21 - Invalid password
[DEBUG] 2025-10-17 06:52:27 - === LOGIN STARTED ===
[DEBUG] 2025-10-17 06:52:27 - User found: ID 1, Role: admin, Active: 1
[DEBUG] 2025-10-17 06:52:27 - Redirecting user with role: admin
[DEBUG] 2025-10-17 08:43:32 - === LOGIN STARTED ===
[DEBUG] 2025-10-17 08:43:32 - User found: ID 1, Role: admin, Active: 1
[DEBUG] 2025-10-17 08:43:32 - Redirecting user with role: admin
[DEBUG] 2025-10-17 11:48:01 - === LOGIN STARTED ===
[DEBUG] 2025-10-17 11:48:01 - User found: ID 1, Role: admin, Active: 1
[DEBUG] 2025-10-17 11:48:01 - Redirecting user with role: admin
[DEBUG] 2025-10-17 15:05:48 - === LOGIN STARTED ===
[DEBUG] 2025-10-17 15:05:48 - User found: ID 1, Role: admin, Active: 1
[DEBUG] 2025-10-17 15:05:48 - Redirecting user with role: admin
[DEBUG] 2025-10-17 15:26:39 - === LOGIN STARTED ===
[DEBUG] 2025-10-17 15:26:39 - User found: ID 1, Role: admin, Active: 1
[DEBUG] 2025-10-17 15:26:39 - Redirecting user with role: admin
